{"/home/exp/Downloads/Projetos/ClimateAI/client/src/App.tsx": {"path":"/home/exp/Downloads/Projetos/ClimateAI/client/src/App.tsx","statementMap":{"0":{"start":{"line":9,"column":67},"end":{"line":9,"column":null}},"1":{"start":{"line":11,"column":2},"end":{"line":28,"column":null}}},"fnMap":{"0":{"name":"App","decl":{"start":{"line":8,"column":24},"end":{"line":8,"column":30}},"loc":{"start":{"line":8,"column":30},"end":{"line":30,"column":null}},"line":8},"1":{"name":"(anonymous_1)","decl":{"start":{"line":23,"column":23},"end":{"line":23,"column":29}},"loc":{"start":{"line":23,"column":29},"end":{"line":23,"column":null}},"line":23}},"branchMap":{},"s":{"0":2,"1":2},"f":{"0":2,"1":0},"b":{},"meta":{"lastBranch":0,"lastFunction":2,"lastStatement":2,"seen":{"f:8:24:8:30":0,"s:9:67:9:Infinity":0,"s:11:2:28:Infinity":1,"f:23:23:23:29":1}}}
,"/home/exp/Downloads/Projetos/ClimateAI/client/src/routes.tsx": {"path":"/home/exp/Downloads/Projetos/ClimateAI/client/src/routes.tsx","statementMap":{"0":{"start":{"line":9,"column":6},"end":{"line":9,"column":null}},"1":{"start":{"line":9,"column":29},"end":{"line":9,"column":null}},"2":{"start":{"line":9,"column":66},"end":{"line":9,"column":null}},"3":{"start":{"line":10,"column":6},"end":{"line":10,"column":null}},"4":{"start":{"line":10,"column":31},"end":{"line":10,"column":null}},"5":{"start":{"line":10,"column":70},"end":{"line":10,"column":null}},"6":{"start":{"line":11,"column":6},"end":{"line":11,"column":null}},"7":{"start":{"line":11,"column":36},"end":{"line":11,"column":null}},"8":{"start":{"line":11,"column":84},"end":{"line":11,"column":null}},"9":{"start":{"line":12,"column":6},"end":{"line":12,"column":null}},"10":{"start":{"line":12,"column":33},"end":{"line":12,"column":null}},"11":{"start":{"line":12,"column":78},"end":{"line":12,"column":null}},"12":{"start":{"line":13,"column":6},"end":{"line":13,"column":null}},"13":{"start":{"line":13,"column":28},"end":{"line":13,"column":null}},"14":{"start":{"line":13,"column":68},"end":{"line":13,"column":null}},"15":{"start":{"line":14,"column":6},"end":{"line":14,"column":null}},"16":{"start":{"line":14,"column":36},"end":{"line":14,"column":null}},"17":{"start":{"line":14,"column":84},"end":{"line":14,"column":null}},"18":{"start":{"line":15,"column":6},"end":{"line":15,"column":null}},"19":{"start":{"line":15,"column":30},"end":{"line":15,"column":null}},"20":{"start":{"line":15,"column":72},"end":{"line":15,"column":null}},"21":{"start":{"line":16,"column":6},"end":{"line":16,"column":null}},"22":{"start":{"line":16,"column":29},"end":{"line":16,"column":null}},"23":{"start":{"line":17,"column":6},"end":{"line":17,"column":null}},"24":{"start":{"line":17,"column":28},"end":{"line":17,"column":null}},"25":{"start":{"line":17,"column":68},"end":{"line":17,"column":null}},"26":{"start":{"line":20,"column":2},"end":{"line":22,"column":null}},"27":{"start":{"line":21,"column":4},"end":{"line":21,"column":null}},"28":{"start":{"line":24,"column":2},"end":{"line":24,"column":null}},"29":{"start":{"line":27,"column":6},"end":{"line":139,"column":null}},"30":{"start":{"line":142,"column":2},"end":{"line":142,"column":null}}},"fnMap":{"0":{"name":"(anonymous_0)","decl":{"start":{"line":9,"column":23},"end":{"line":9,"column":29}},"loc":{"start":{"line":9,"column":29},"end":{"line":9,"column":null}},"line":9},"1":{"name":"(anonymous_1)","decl":{"start":{"line":9,"column":58},"end":{"line":9,"column":64}},"loc":{"start":{"line":9,"column":66},"end":{"line":9,"column":null}},"line":9},"2":{"name":"(anonymous_2)","decl":{"start":{"line":10,"column":25},"end":{"line":10,"column":31}},"loc":{"start":{"line":10,"column":31},"end":{"line":10,"column":null}},"line":10},"3":{"name":"(anonymous_3)","decl":{"start":{"line":10,"column":62},"end":{"line":10,"column":68}},"loc":{"start":{"line":10,"column":70},"end":{"line":10,"column":null}},"line":10},"4":{"name":"(anonymous_4)","decl":{"start":{"line":11,"column":30},"end":{"line":11,"column":36}},"loc":{"start":{"line":11,"column":36},"end":{"line":11,"column":null}},"line":11},"5":{"name":"(anonymous_5)","decl":{"start":{"line":11,"column":76},"end":{"line":11,"column":82}},"loc":{"start":{"line":11,"column":84},"end":{"line":11,"column":null}},"line":11},"6":{"name":"(anonymous_6)","decl":{"start":{"line":12,"column":27},"end":{"line":12,"column":33}},"loc":{"start":{"line":12,"column":33},"end":{"line":12,"column":null}},"line":12},"7":{"name":"(anonymous_7)","decl":{"start":{"line":12,"column":70},"end":{"line":12,"column":76}},"loc":{"start":{"line":12,"column":78},"end":{"line":12,"column":null}},"line":12},"8":{"name":"(anonymous_8)","decl":{"start":{"line":13,"column":22},"end":{"line":13,"column":28}},"loc":{"start":{"line":13,"column":28},"end":{"line":13,"column":null}},"line":13},"9":{"name":"(anonymous_9)","decl":{"start":{"line":13,"column":60},"end":{"line":13,"column":66}},"loc":{"start":{"line":13,"column":68},"end":{"line":13,"column":null}},"line":13},"10":{"name":"(anonymous_10)","decl":{"start":{"line":14,"column":30},"end":{"line":14,"column":36}},"loc":{"start":{"line":14,"column":36},"end":{"line":14,"column":null}},"line":14},"11":{"name":"(anonymous_11)","decl":{"start":{"line":14,"column":76},"end":{"line":14,"column":82}},"loc":{"start":{"line":14,"column":84},"end":{"line":14,"column":null}},"line":14},"12":{"name":"(anonymous_12)","decl":{"start":{"line":15,"column":24},"end":{"line":15,"column":30}},"loc":{"start":{"line":15,"column":30},"end":{"line":15,"column":null}},"line":15},"13":{"name":"(anonymous_13)","decl":{"start":{"line":15,"column":64},"end":{"line":15,"column":70}},"loc":{"start":{"line":15,"column":72},"end":{"line":15,"column":null}},"line":15},"14":{"name":"(anonymous_14)","decl":{"start":{"line":16,"column":23},"end":{"line":16,"column":29}},"loc":{"start":{"line":16,"column":29},"end":{"line":16,"column":null}},"line":16},"15":{"name":"(anonymous_15)","decl":{"start":{"line":17,"column":22},"end":{"line":17,"column":28}},"loc":{"start":{"line":17,"column":28},"end":{"line":17,"column":null}},"line":17},"16":{"name":"(anonymous_16)","decl":{"start":{"line":17,"column":60},"end":{"line":17,"column":66}},"loc":{"start":{"line":17,"column":68},"end":{"line":17,"column":null}},"line":17},"17":{"name":"LandingPageRedirect","decl":{"start":{"line":19,"column":9},"end":{"line":19,"column":31}},"loc":{"start":{"line":19,"column":31},"end":{"line":25,"column":null}},"line":19},"18":{"name":"(anonymous_18)","decl":{"start":{"line":20,"column":12},"end":{"line":20,"column":18}},"loc":{"start":{"line":20,"column":18},"end":{"line":22,"column":5}},"line":20},"19":{"name":"AppRoutes","decl":{"start":{"line":141,"column":16},"end":{"line":141,"column":28}},"loc":{"start":{"line":141,"column":28},"end":{"line":143,"column":null}},"line":141}},"branchMap":{},"s":{"0":1,"1":0,"2":0,"3":1,"4":0,"5":0,"6":1,"7":0,"8":0,"9":1,"10":0,"11":0,"12":1,"13":0,"14":0,"15":1,"16":0,"17":0,"18":1,"19":0,"20":0,"21":1,"22":0,"23":1,"24":0,"25":0,"26":1,"27":1,"28":1,"29":1,"30":2},"f":{"0":0,"1":0,"2":0,"3":0,"4":0,"5":0,"6":0,"7":0,"8":0,"9":0,"10":0,"11":0,"12":0,"13":0,"14":0,"15":0,"16":0,"17":1,"18":1,"19":2},"b":{},"meta":{"lastBranch":0,"lastFunction":20,"lastStatement":31,"seen":{"s:9:6:9:Infinity":0,"f:9:23:9:29":0,"s:9:29:9:Infinity":1,"f:9:58:9:64":1,"s:9:66:9:Infinity":2,"s:10:6:10:Infinity":3,"f:10:25:10:31":2,"s:10:31:10:Infinity":4,"f:10:62:10:68":3,"s:10:70:10:Infinity":5,"s:11:6:11:Infinity":6,"f:11:30:11:36":4,"s:11:36:11:Infinity":7,"f:11:76:11:82":5,"s:11:84:11:Infinity":8,"s:12:6:12:Infinity":9,"f:12:27:12:33":6,"s:12:33:12:Infinity":10,"f:12:70:12:76":7,"s:12:78:12:Infinity":11,"s:13:6:13:Infinity":12,"f:13:22:13:28":8,"s:13:28:13:Infinity":13,"f:13:60:13:66":9,"s:13:68:13:Infinity":14,"s:14:6:14:Infinity":15,"f:14:30:14:36":10,"s:14:36:14:Infinity":16,"f:14:76:14:82":11,"s:14:84:14:Infinity":17,"s:15:6:15:Infinity":18,"f:15:24:15:30":12,"s:15:30:15:Infinity":19,"f:15:64:15:70":13,"s:15:72:15:Infinity":20,"s:16:6:16:Infinity":21,"f:16:23:16:29":14,"s:16:29:16:Infinity":22,"s:17:6:17:Infinity":23,"f:17:22:17:28":15,"s:17:28:17:Infinity":24,"f:17:60:17:66":16,"s:17:68:17:Infinity":25,"f:19:9:19:31":17,"s:20:2:22:Infinity":26,"f:20:12:20:18":18,"s:21:4:21:Infinity":27,"s:24:2:24:Infinity":28,"s:27:6:139:Infinity":29,"f:141:16:141:28":19,"s:142:2:142:Infinity":30}}}
,"/home/exp/Downloads/Projetos/ClimateAI/client/src/components/AgriStrategyPanel.tsx": {"path":"/home/exp/Downloads/Projetos/ClimateAI/client/src/components/AgriStrategyPanel.tsx","statementMap":{"0":{"start":{"line":49,"column":40},"end":{"line":53,"column":null}},"1":{"start":{"line":56,"column":28},"end":{"line":56,"column":null}},"2":{"start":{"line":57,"column":42},"end":{"line":57,"column":null}},"3":{"start":{"line":58,"column":36},"end":{"line":58,"column":null}},"4":{"start":{"line":59,"column":24},"end":{"line":59,"column":null}},"5":{"start":{"line":60,"column":26},"end":{"line":60,"column":null}},"6":{"start":{"line":61,"column":22},"end":{"line":68,"column":null}},"7":{"start":{"line":70,"column":2},"end":{"line":93,"column":null}},"8":{"start":{"line":71,"column":4},"end":{"line":92,"column":null}},"9":{"start":{"line":72,"column":6},"end":{"line":72,"column":null}},"10":{"start":{"line":73,"column":6},"end":{"line":91,"column":null}},"11":{"start":{"line":74,"column":25},"end":{"line":74,"column":null}},"12":{"start":{"line":75,"column":8},"end":{"line":77,"column":null}},"13":{"start":{"line":76,"column":10},"end":{"line":76,"column":null}},"14":{"start":{"line":78,"column":21},"end":{"line":78,"column":null}},"15":{"start":{"line":79,"column":8},"end":{"line":79,"column":null}},"16":{"start":{"line":80,"column":8},"end":{"line":86,"column":null}},"17":{"start":{"line":80,"column":30},"end":{"line":86,"column":10}},"18":{"start":{"line":88,"column":8},"end":{"line":88,"column":null}},"19":{"start":{"line":90,"column":8},"end":{"line":90,"column":null}},"20":{"start":{"line":95,"column":29},"end":{"line":132,"column":null}},"21":{"start":{"line":96,"column":4},"end":{"line":96,"column":null}},"22":{"start":{"line":97,"column":4},"end":{"line":97,"column":null}},"23":{"start":{"line":99,"column":4},"end":{"line":131,"column":null}},"24":{"start":{"line":100,"column":23},"end":{"line":118,"column":null}},"25":{"start":{"line":120,"column":6},"end":{"line":123,"column":null}},"26":{"start":{"line":121,"column":24},"end":{"line":121,"column":null}},"27":{"start":{"line":121,"column":58},"end":{"line":121,"column":62}},"28":{"start":{"line":122,"column":8},"end":{"line":122,"column":null}},"29":{"start":{"line":125,"column":6},"end":{"line":125,"column":null}},"30":{"start":{"line":127,"column":6},"end":{"line":127,"column":null}},"31":{"start":{"line":128,"column":6},"end":{"line":128,"column":null}},"32":{"start":{"line":130,"column":6},"end":{"line":130,"column":null}},"33":{"start":{"line":134,"column":19},"end":{"line":136,"column":null}},"34":{"start":{"line":135,"column":35},"end":{"line":135,"column":47}},"35":{"start":{"line":138,"column":2},"end":{"line":342,"column":null}},"36":{"start":{"line":160,"column":69},"end":{"line":160,"column":null}},"37":{"start":{"line":160,"column":91},"end":{"line":160,"column":124}},"38":{"start":{"line":166,"column":18},"end":{"line":166,"column":null}},"39":{"start":{"line":174,"column":78},"end":{"line":174,"column":null}},"40":{"start":{"line":174,"column":100},"end":{"line":174,"column":142}},"41":{"start":{"line":180,"column":18},"end":{"line":180,"column":null}},"42":{"start":{"line":188,"column":89},"end":{"line":188,"column":null}},"43":{"start":{"line":188,"column":111},"end":{"line":188,"column":149}},"44":{"start":{"line":202,"column":76},"end":{"line":202,"column":146}},"45":{"start":{"line":202,"column":98},"end":{"line":202,"column":143}},"46":{"start":{"line":207,"column":77},"end":{"line":207,"column":148}},"47":{"start":{"line":207,"column":99},"end":{"line":207,"column":145}},"48":{"start":{"line":212,"column":93},"end":{"line":212,"column":176}},"49":{"start":{"line":212,"column":115},"end":{"line":212,"column":173}},"50":{"start":{"line":275,"column":24},"end":{"line":278,"column":null}},"51":{"start":{"line":291,"column":20},"end":{"line":299,"column":null}},"52":{"start":{"line":312,"column":20},"end":{"line":319,"column":null}},"53":{"start":{"line":330,"column":20},"end":{"line":334,"column":null}}},"fnMap":{"0":{"name":"AgriStrategyPanel","decl":{"start":{"line":55,"column":16},"end":{"line":55,"column":36}},"loc":{"start":{"line":55,"column":36},"end":{"line":344,"column":null}},"line":55},"1":{"name":"(anonymous_1)","decl":{"start":{"line":70,"column":12},"end":{"line":70,"column":18}},"loc":{"start":{"line":70,"column":18},"end":{"line":93,"column":5}},"line":70},"2":{"name":"(anonymous_2)","decl":{"start":{"line":71,"column":10},"end":{"line":71,"column":22}},"loc":{"start":{"line":71,"column":22},"end":{"line":92,"column":7}},"line":71},"3":{"name":"(anonymous_3)","decl":{"start":{"line":80,"column":16},"end":{"line":80,"column":17}},"loc":{"start":{"line":80,"column":30},"end":{"line":86,"column":10}},"line":80},"4":{"name":"(anonymous_4)","decl":{"start":{"line":95,"column":29},"end":{"line":95,"column":41}},"loc":{"start":{"line":95,"column":41},"end":{"line":132,"column":null}},"line":95},"5":{"name":"(anonymous_5)","decl":{"start":{"line":121,"column":52},"end":{"line":121,"column":58}},"loc":{"start":{"line":121,"column":58},"end":{"line":121,"column":62}},"line":121},"6":{"name":"(anonymous_6)","decl":{"start":{"line":135,"column":10},"end":{"line":135,"column":11}},"loc":{"start":{"line":135,"column":35},"end":{"line":135,"column":47}},"line":135},"7":{"name":"(anonymous_7)","decl":{"start":{"line":160,"column":58},"end":{"line":160,"column":59}},"loc":{"start":{"line":160,"column":69},"end":{"line":160,"column":null}},"line":160},"8":{"name":"(anonymous_8)","decl":{"start":{"line":160,"column":77},"end":{"line":160,"column":78}},"loc":{"start":{"line":160,"column":91},"end":{"line":160,"column":124}},"line":160},"9":{"name":"(anonymous_9)","decl":{"start":{"line":165,"column":45},"end":{"line":165,"column":46}},"loc":{"start":{"line":166,"column":18},"end":{"line":166,"column":null}},"line":166},"10":{"name":"(anonymous_10)","decl":{"start":{"line":174,"column":67},"end":{"line":174,"column":68}},"loc":{"start":{"line":174,"column":78},"end":{"line":174,"column":null}},"line":174},"11":{"name":"(anonymous_11)","decl":{"start":{"line":174,"column":86},"end":{"line":174,"column":87}},"loc":{"start":{"line":174,"column":100},"end":{"line":174,"column":142}},"line":174},"12":{"name":"(anonymous_12)","decl":{"start":{"line":179,"column":46},"end":{"line":179,"column":47}},"loc":{"start":{"line":180,"column":18},"end":{"line":180,"column":null}},"line":180},"13":{"name":"(anonymous_13)","decl":{"start":{"line":188,"column":63},"end":{"line":188,"column":64}},"loc":{"start":{"line":188,"column":89},"end":{"line":188,"column":null}},"line":188},"14":{"name":"(anonymous_14)","decl":{"start":{"line":188,"column":97},"end":{"line":188,"column":98}},"loc":{"start":{"line":188,"column":111},"end":{"line":188,"column":149}},"line":188},"15":{"name":"(anonymous_15)","decl":{"start":{"line":202,"column":65},"end":{"line":202,"column":66}},"loc":{"start":{"line":202,"column":76},"end":{"line":202,"column":146}},"line":202},"16":{"name":"(anonymous_16)","decl":{"start":{"line":202,"column":84},"end":{"line":202,"column":85}},"loc":{"start":{"line":202,"column":98},"end":{"line":202,"column":143}},"line":202},"17":{"name":"(anonymous_17)","decl":{"start":{"line":207,"column":66},"end":{"line":207,"column":67}},"loc":{"start":{"line":207,"column":77},"end":{"line":207,"column":148}},"line":207},"18":{"name":"(anonymous_18)","decl":{"start":{"line":207,"column":85},"end":{"line":207,"column":86}},"loc":{"start":{"line":207,"column":99},"end":{"line":207,"column":145}},"line":207},"19":{"name":"(anonymous_19)","decl":{"start":{"line":212,"column":82},"end":{"line":212,"column":83}},"loc":{"start":{"line":212,"column":93},"end":{"line":212,"column":176}},"line":212},"20":{"name":"(anonymous_20)","decl":{"start":{"line":212,"column":101},"end":{"line":212,"column":102}},"loc":{"start":{"line":212,"column":115},"end":{"line":212,"column":173}},"line":212},"21":{"name":"(anonymous_21)","decl":{"start":{"line":274,"column":36},"end":{"line":274,"column":37}},"loc":{"start":{"line":275,"column":24},"end":{"line":278,"column":null}},"line":275},"22":{"name":"(anonymous_22)","decl":{"start":{"line":290,"column":62},"end":{"line":290,"column":63}},"loc":{"start":{"line":291,"column":20},"end":{"line":299,"column":null}},"line":291},"23":{"name":"(anonymous_23)","decl":{"start":{"line":311,"column":60},"end":{"line":311,"column":61}},"loc":{"start":{"line":312,"column":20},"end":{"line":319,"column":null}},"line":312},"24":{"name":"(anonymous_24)","decl":{"start":{"line":329,"column":57},"end":{"line":329,"column":58}},"loc":{"start":{"line":330,"column":20},"end":{"line":334,"column":null}},"line":330}},"branchMap":{"0":{"loc":{"start":{"line":75,"column":8},"end":{"line":77,"column":null}},"type":"if","locations":[{"start":{"line":75,"column":8},"end":{"line":77,"column":null}},{"start":{},"end":{}}],"line":75},"1":{"loc":{"start":{"line":82,"column":21},"end":{"line":82,"column":null}},"type":"binary-expr","locations":[{"start":{"line":82,"column":21},"end":{"line":82,"column":48}},{"start":{"line":82,"column":48},"end":{"line":82,"column":null}}],"line":82},"2":{"loc":{"start":{"line":83,"column":30},"end":{"line":85,"column":null}},"type":"cond-expr","locations":[{"start":{"line":84,"column":14},"end":{"line":84,"column":null}},{"start":{"line":85,"column":15},"end":{"line":85,"column":null}}],"line":83},"3":{"loc":{"start":{"line":85,"column":15},"end":{"line":85,"column":null}},"type":"binary-expr","locations":[{"start":{"line":85,"column":15},"end":{"line":85,"column":43}},{"start":{"line":85,"column":43},"end":{"line":85,"column":null}}],"line":85},"4":{"loc":{"start":{"line":120,"column":6},"end":{"line":123,"column":null}},"type":"if","locations":[{"start":{"line":120,"column":6},"end":{"line":123,"column":null}},{"start":{},"end":{}}],"line":120},"5":{"loc":{"start":{"line":122,"column":24},"end":{"line":122,"column":82}},"type":"binary-expr","locations":[{"start":{"line":122,"column":24},"end":{"line":122,"column":43}},{"start":{"line":122,"column":43},"end":{"line":122,"column":82}}],"line":122},"6":{"loc":{"start":{"line":127,"column":15},"end":{"line":127,"column":103}},"type":"cond-expr","locations":[{"start":{"line":127,"column":44},"end":{"line":127,"column":64}},{"start":{"line":127,"column":64},"end":{"line":127,"column":103}}],"line":127},"7":{"loc":{"start":{"line":134,"column":34},"end":{"line":134,"column":63}},"type":"binary-expr","locations":[{"start":{"line":134,"column":34},"end":{"line":134,"column":61}},{"start":{"line":134,"column":61},"end":{"line":134,"column":63}}],"line":134},"8":{"loc":{"start":{"line":152,"column":13},"end":{"line":152,"column":null}},"type":"cond-expr","locations":[{"start":{"line":152,"column":30},"end":{"line":152,"column":58}},{"start":{"line":152,"column":58},"end":{"line":152,"column":null}}],"line":152},"9":{"loc":{"start":{"line":218,"column":13},"end":{"line":218,"column":115}},"type":"cond-expr","locations":[{"start":{"line":218,"column":27},"end":{"line":218,"column":79}},{"start":{"line":218,"column":79},"end":{"line":218,"column":115}}],"line":218},"10":{"loc":{"start":{"line":226,"column":9},"end":{"line":230,"column":null}},"type":"binary-expr","locations":[{"start":{"line":226,"column":9},"end":{"line":226,"column":null}},{"start":{"line":227,"column":10},"end":{"line":230,"column":null}}],"line":226},"11":{"loc":{"start":{"line":233,"column":9},"end":{"line":339,"column":null}},"type":"binary-expr","locations":[{"start":{"line":233,"column":9},"end":{"line":233,"column":null}},{"start":{"line":234,"column":10},"end":{"line":339,"column":null}}],"line":233},"12":{"loc":{"start":{"line":244,"column":24},"end":{"line":244,"column":83}},"type":"binary-expr","locations":[{"start":{"line":244,"column":24},"end":{"line":244,"column":69}},{"start":{"line":244,"column":69},"end":{"line":244,"column":83}}],"line":244},"13":{"loc":{"start":{"line":247,"column":33},"end":{"line":247,"column":null}},"type":"binary-expr","locations":[{"start":{"line":247,"column":33},"end":{"line":247,"column":83}},{"start":{"line":247,"column":83},"end":{"line":247,"column":null}}],"line":247},"14":{"loc":{"start":{"line":259,"column":23},"end":{"line":259,"column":null}},"type":"binary-expr","locations":[{"start":{"line":259,"column":23},"end":{"line":259,"column":65}},{"start":{"line":259,"column":65},"end":{"line":259,"column":null}}],"line":259},"15":{"loc":{"start":{"line":262,"column":28},"end":{"line":262,"column":null}},"type":"binary-expr","locations":[{"start":{"line":262,"column":28},"end":{"line":262,"column":75}},{"start":{"line":262,"column":75},"end":{"line":262,"column":null}}],"line":262}},"s":{"0":1,"1":0,"2":0,"3":0,"4":0,"5":0,"6":0,"7":0,"8":0,"9":0,"10":0,"11":0,"12":0,"13":0,"14":0,"15":0,"16":0,"17":0,"18":0,"19":0,"20":0,"21":0,"22":0,"23":0,"24":0,"25":0,"26":0,"27":0,"28":0,"29":0,"30":0,"31":0,"32":0,"33":0,"34":0,"35":0,"36":0,"37":0,"38":0,"39":0,"40":0,"41":0,"42":0,"43":0,"44":0,"45":0,"46":0,"47":0,"48":0,"49":0,"50":0,"51":0,"52":0,"53":0},"f":{"0":0,"1":0,"2":0,"3":0,"4":0,"5":0,"6":0,"7":0,"8":0,"9":0,"10":0,"11":0,"12":0,"13":0,"14":0,"15":0,"16":0,"17":0,"18":0,"19":0,"20":0,"21":0,"22":0,"23":0,"24":0},"b":{"0":[0,0],"1":[0,0],"2":[0,0],"3":[0,0],"4":[0,0],"5":[0,0],"6":[0,0],"7":[0,0],"8":[0,0],"9":[0,0],"10":[0,0],"11":[0,0],"12":[0,0],"13":[0,0],"14":[0,0],"15":[0,0]},"meta":{"lastBranch":16,"lastFunction":25,"lastStatement":54,"seen":{"s:49:40:53:Infinity":0,"f:55:16:55:36":0,"s:56:28:56:Infinity":1,"s:57:42:57:Infinity":2,"s:58:36:58:Infinity":3,"s:59:24:59:Infinity":4,"s:60:26:60:Infinity":5,"s:61:22:68:Infinity":6,"s:70:2:93:Infinity":7,"f:70:12:70:18":1,"s:71:4:92:Infinity":8,"f:71:10:71:22":2,"s:72:6:72:Infinity":9,"s:73:6:91:Infinity":10,"s:74:25:74:Infinity":11,"b:75:8:77:Infinity:undefined:undefined:undefined:undefined":0,"s:75:8:77:Infinity":12,"s:76:10:76:Infinity":13,"s:78:21:78:Infinity":14,"s:79:8:79:Infinity":15,"s:80:8:86:Infinity":16,"f:80:16:80:17":3,"s:80:30:86:10":17,"b:82:21:82:48:82:48:82:Infinity":1,"b:84:14:84:Infinity:85:15:85:Infinity":2,"b:85:15:85:43:85:43:85:Infinity":3,"s:88:8:88:Infinity":18,"s:90:8:90:Infinity":19,"s:95:29:132:Infinity":20,"f:95:29:95:41":4,"s:96:4:96:Infinity":21,"s:97:4:97:Infinity":22,"s:99:4:131:Infinity":23,"s:100:23:118:Infinity":24,"b:120:6:123:Infinity:undefined:undefined:undefined:undefined":4,"s:120:6:123:Infinity":25,"s:121:24:121:Infinity":26,"f:121:52:121:58":5,"s:121:58:121:62":27,"s:122:8:122:Infinity":28,"b:122:24:122:43:122:43:122:82":5,"s:125:6:125:Infinity":29,"s:127:6:127:Infinity":30,"b:127:44:127:64:127:64:127:103":6,"s:128:6:128:Infinity":31,"s:130:6:130:Infinity":32,"s:134:19:136:Infinity":33,"b:134:34:134:61:134:61:134:63":7,"f:135:10:135:11":6,"s:135:35:135:47":34,"s:138:2:342:Infinity":35,"b:152:30:152:58:152:58:152:Infinity":8,"f:160:58:160:59":7,"s:160:69:160:Infinity":36,"f:160:77:160:78":8,"s:160:91:160:124":37,"f:165:45:165:46":9,"s:166:18:166:Infinity":38,"f:174:67:174:68":10,"s:174:78:174:Infinity":39,"f:174:86:174:87":11,"s:174:100:174:142":40,"f:179:46:179:47":12,"s:180:18:180:Infinity":41,"f:188:63:188:64":13,"s:188:89:188:Infinity":42,"f:188:97:188:98":14,"s:188:111:188:149":43,"f:202:65:202:66":15,"s:202:76:202:146":44,"f:202:84:202:85":16,"s:202:98:202:143":45,"f:207:66:207:67":17,"s:207:77:207:148":46,"f:207:85:207:86":18,"s:207:99:207:145":47,"f:212:82:212:83":19,"s:212:93:212:176":48,"f:212:101:212:102":20,"s:212:115:212:173":49,"b:218:27:218:79:218:79:218:115":9,"b:226:9:226:Infinity:227:10:230:Infinity":10,"b:233:9:233:Infinity:234:10:339:Infinity":11,"b:244:24:244:69:244:69:244:83":12,"b:247:33:247:83:247:83:247:Infinity":13,"b:259:23:259:65:259:65:259:Infinity":14,"b:262:28:262:75:262:75:262:Infinity":15,"f:274:36:274:37":21,"s:275:24:278:Infinity":50,"f:290:62:290:63":22,"s:291:20:299:Infinity":51,"f:311:60:311:61":23,"s:312:20:319:Infinity":52,"f:329:57:329:58":24,"s:330:20:334:Infinity":53}}}
,"/home/exp/Downloads/Projetos/ClimateAI/client/src/components/ClimateAssistantLauncher.tsx": {"path":"/home/exp/Downloads/Projetos/ClimateAI/client/src/components/ClimateAssistantLauncher.tsx","statementMap":{"0":{"start":{"line":6,"column":6},"end":{"line":8,"column":null}},"1":{"start":{"line":7,"column":2},"end":{"line":7,"column":null}},"2":{"start":{"line":7,"column":67},"end":{"line":7,"column":null}},"3":{"start":{"line":11,"column":32},"end":{"line":11,"column":null}},"4":{"start":{"line":13,"column":2},"end":{"line":23,"column":null}},"5":{"start":{"line":14,"column":4},"end":{"line":21,"column":null}},"6":{"start":{"line":17,"column":23},"end":{"line":17,"column":null}},"7":{"start":{"line":25,"column":2},"end":{"line":28,"column":null}}},"fnMap":{"0":{"name":"(anonymous_0)","decl":{"start":{"line":6,"column":30},"end":{"line":6,"column":null}},"loc":{"start":{"line":7,"column":2},"end":{"line":7,"column":null}},"line":7},"1":{"name":"(anonymous_1)","decl":{"start":{"line":7,"column":51},"end":{"line":7,"column":60}},"loc":{"start":{"line":7,"column":67},"end":{"line":7,"column":null}},"line":7},"2":{"name":"ClimateAssistantLauncher","decl":{"start":{"line":10,"column":16},"end":{"line":10,"column":43}},"loc":{"start":{"line":10,"column":43},"end":{"line":30,"column":null}},"line":10},"3":{"name":"(anonymous_3)","decl":{"start":{"line":17,"column":17},"end":{"line":17,"column":23}},"loc":{"start":{"line":17,"column":23},"end":{"line":17,"column":null}},"line":17}},"branchMap":{"0":{"loc":{"start":{"line":13,"column":2},"end":{"line":23,"column":null}},"type":"if","locations":[{"start":{"line":13,"column":2},"end":{"line":23,"column":null}},{"start":{},"end":{}}],"line":13}},"s":{"0":1,"1":0,"2":0,"3":2,"4":2,"5":2,"6":0,"7":0},"f":{"0":0,"1":0,"2":2,"3":0},"b":{"0":[2,0]},"meta":{"lastBranch":1,"lastFunction":4,"lastStatement":8,"seen":{"s:6:6:8:Infinity":0,"f:6:30:6:Infinity":0,"s:7:2:7:Infinity":1,"f:7:51:7:60":1,"s:7:67:7:Infinity":2,"f:10:16:10:43":2,"s:11:32:11:Infinity":3,"b:13:2:23:Infinity:undefined:undefined:undefined:undefined":0,"s:13:2:23:Infinity":4,"s:14:4:21:Infinity":5,"f:17:17:17:23":3,"s:17:23:17:Infinity":6,"s:25:2:28:Infinity":7}}}
,"/home/exp/Downloads/Projetos/ClimateAI/client/src/components/PageLoader.tsx": {"path":"/home/exp/Downloads/Projetos/ClimateAI/client/src/components/PageLoader.tsx","statementMap":{"0":{"start":{"line":4,"column":2},"end":{"line":10,"column":null}}},"fnMap":{"0":{"name":"PageLoader","decl":{"start":{"line":3,"column":16},"end":{"line":3,"column":29}},"loc":{"start":{"line":3,"column":29},"end":{"line":12,"column":null}},"line":3}},"branchMap":{},"s":{"0":1},"f":{"0":1},"b":{},"meta":{"lastBranch":0,"lastFunction":1,"lastStatement":1,"seen":{"f:3:16:3:29":0,"s:4:2:10:Infinity":0}}}
,"/home/exp/Downloads/Projetos/ClimateAI/client/src/components/ProtectedRoute.tsx": {"path":"/home/exp/Downloads/Projetos/ClimateAI/client/src/components/ProtectedRoute.tsx","statementMap":{"0":{"start":{"line":10,"column":37},"end":{"line":10,"column":null}},"1":{"start":{"line":11,"column":8},"end":{"line":11,"column":null}},"2":{"start":{"line":13,"column":2},"end":{"line":22,"column":null}},"3":{"start":{"line":14,"column":4},"end":{"line":20,"column":null}},"4":{"start":{"line":24,"column":2},"end":{"line":27,"column":null}},"5":{"start":{"line":26,"column":4},"end":{"line":26,"column":null}},"6":{"start":{"line":29,"column":2},"end":{"line":29,"column":null}}},"fnMap":{"0":{"name":"ProtectedRoute","decl":{"start":{"line":9,"column":16},"end":{"line":9,"column":31}},"loc":{"start":{"line":9,"column":66},"end":{"line":30,"column":null}},"line":9}},"branchMap":{"0":{"loc":{"start":{"line":13,"column":2},"end":{"line":22,"column":null}},"type":"if","locations":[{"start":{"line":13,"column":2},"end":{"line":22,"column":null}},{"start":{},"end":{}}],"line":13},"1":{"loc":{"start":{"line":24,"column":2},"end":{"line":27,"column":null}},"type":"if","locations":[{"start":{"line":24,"column":2},"end":{"line":27,"column":null}},{"start":{},"end":{}}],"line":24}},"s":{"0":0,"1":0,"2":0,"3":0,"4":0,"5":0,"6":0},"f":{"0":0},"b":{"0":[0,0],"1":[0,0]},"meta":{"lastBranch":2,"lastFunction":1,"lastStatement":7,"seen":{"f:9:16:9:31":0,"s:10:37:10:Infinity":0,"s:11:8:11:Infinity":1,"b:13:2:22:Infinity:undefined:undefined:undefined:undefined":0,"s:13:2:22:Infinity":2,"s:14:4:20:Infinity":3,"b:24:2:27:Infinity:undefined:undefined:undefined:undefined":1,"s:24:2:27:Infinity":4,"s:26:4:26:Infinity":5,"s:29:2:29:Infinity":6}}}
,"/home/exp/Downloads/Projetos/ClimateAI/client/src/components/RouteError.tsx": {"path":"/home/exp/Downloads/Projetos/ClimateAI/client/src/components/RouteError.tsx","statementMap":{"0":{"start":{"line":6,"column":10},"end":{"line":6,"column":null}},"1":{"start":{"line":7,"column":10},"end":{"line":7,"column":null}},"2":{"start":{"line":9,"column":23},"end":{"line":9,"column":null}},"3":{"start":{"line":10,"column":22},"end":{"line":10,"column":null}},"4":{"start":{"line":12,"column":4},"end":{"line":17,"column":null}},"5":{"start":{"line":13,"column":8},"end":{"line":13,"column":null}},"6":{"start":{"line":14,"column":8},"end":{"line":14,"column":null}},"7":{"start":{"line":15,"column":4},"end":{"line":17,"column":null}},"8":{"start":{"line":16,"column":8},"end":{"line":16,"column":null}},"9":{"start":{"line":19,"column":4},"end":{"line":56,"column":null}},"10":{"start":{"line":40,"column":39},"end":{"line":40,"column":null}},"11":{"start":{"line":48,"column":39},"end":{"line":48,"column":null}}},"fnMap":{"0":{"name":"RouteError","decl":{"start":{"line":5,"column":16},"end":{"line":5,"column":29}},"loc":{"start":{"line":5,"column":29},"end":{"line":58,"column":null}},"line":5},"1":{"name":"(anonymous_1)","decl":{"start":{"line":40,"column":33},"end":{"line":40,"column":39}},"loc":{"start":{"line":40,"column":39},"end":{"line":40,"column":null}},"line":40},"2":{"name":"(anonymous_2)","decl":{"start":{"line":48,"column":33},"end":{"line":48,"column":39}},"loc":{"start":{"line":48,"column":39},"end":{"line":48,"column":null}},"line":48}},"branchMap":{"0":{"loc":{"start":{"line":12,"column":4},"end":{"line":17,"column":null}},"type":"if","locations":[{"start":{"line":12,"column":4},"end":{"line":17,"column":null}},{"start":{"line":15,"column":4},"end":{"line":17,"column":null}}],"line":12},"1":{"loc":{"start":{"line":14,"column":23},"end":{"line":14,"column":null}},"type":"binary-expr","locations":[{"start":{"line":14,"column":23},"end":{"line":14,"column":46}},{"start":{"line":14,"column":46},"end":{"line":14,"column":null}}],"line":14},"2":{"loc":{"start":{"line":15,"column":4},"end":{"line":17,"column":null}},"type":"if","locations":[{"start":{"line":15,"column":4},"end":{"line":17,"column":null}},{"start":{},"end":{}}],"line":15},"3":{"loc":{"start":{"line":31,"column":21},"end":{"line":34,"column":null}},"type":"binary-expr","locations":[{"start":{"line":31,"column":21},"end":{"line":31,"column":null}},{"start":{"line":32,"column":24},"end":{"line":34,"column":null}}],"line":31}},"s":{"0":0,"1":0,"2":0,"3":0,"4":0,"5":0,"6":0,"7":0,"8":0,"9":0,"10":0,"11":0},"f":{"0":0,"1":0,"2":0},"b":{"0":[0,0],"1":[0,0],"2":[0,0],"3":[0,0]},"meta":{"lastBranch":4,"lastFunction":3,"lastStatement":12,"seen":{"f:5:16:5:29":0,"s:6:10:6:Infinity":0,"s:7:10:7:Infinity":1,"s:9:23:9:Infinity":2,"s:10:22:10:Infinity":3,"b:12:4:17:Infinity:15:4:17:Infinity":0,"s:12:4:17:Infinity":4,"s:13:8:13:Infinity":5,"s:14:8:14:Infinity":6,"b:14:23:14:46:14:46:14:Infinity":1,"b:15:4:17:Infinity:undefined:undefined:undefined:undefined":2,"s:15:4:17:Infinity":7,"s:16:8:16:Infinity":8,"s:19:4:56:Infinity":9,"b:31:21:31:Infinity:32:24:34:Infinity":3,"f:40:33:40:39":1,"s:40:39:40:Infinity":10,"f:48:33:48:39":2,"s:48:39:48:Infinity":11}}}
,"/home/exp/Downloads/Projetos/ClimateAI/client/src/components/ui/badge.tsx": {"path":"/home/exp/Downloads/Projetos/ClimateAI/client/src/components/ui/badge.tsx","statementMap":{"0":{"start":{"line":6,"column":2},"end":{"line":7,"column":null}}},"fnMap":{"0":{"name":"Badge","decl":{"start":{"line":5,"column":9},"end":{"line":5,"column":15}},"loc":{"start":{"line":5,"column":61},"end":{"line":9,"column":null}},"line":5}},"branchMap":{},"s":{"0":0},"f":{"0":0},"b":{},"meta":{"lastBranch":0,"lastFunction":1,"lastStatement":1,"seen":{"f:5:9:5:15":0,"s:6:2:7:Infinity":0}}}
,"/home/exp/Downloads/Projetos/ClimateAI/client/src/components/ui/badgeVariants.ts": {"path":"/home/exp/Downloads/Projetos/ClimateAI/client/src/components/ui/badgeVariants.ts","statementMap":{"0":{"start":{"line":3,"column":13},"end":{"line":32,"column":null}}},"fnMap":{},"branchMap":{},"s":{"0":1},"f":{},"b":{},"meta":{"lastBranch":0,"lastFunction":0,"lastStatement":1,"seen":{"s:3:13:32:Infinity":0}}}
,"/home/exp/Downloads/Projetos/ClimateAI/client/src/components/ui/button.tsx": {"path":"/home/exp/Downloads/Projetos/ClimateAI/client/src/components/ui/button.tsx","statementMap":{"0":{"start":{"line":6,"column":6},"end":{"line":37,"column":null}},"1":{"start":{"line":45,"column":15},"end":{"line":56,"column":null}},"2":{"start":{"line":47,"column":17},"end":{"line":47,"column":null}},"3":{"start":{"line":48,"column":4},"end":{"line":53,"column":null}},"4":{"start":{"line":57,"column":0},"end":{"line":57,"column":null}}},"fnMap":{"0":{"name":"(anonymous_0)","decl":{"start":{"line":46,"column":2},"end":{"line":46,"column":3}},"loc":{"start":{"line":46,"column":68},"end":{"line":55,"column":null}},"line":46}},"branchMap":{"0":{"loc":{"start":{"line":46,"column":31},"end":{"line":46,"column":48}},"type":"default-arg","locations":[{"start":{"line":46,"column":41},"end":{"line":46,"column":48}}],"line":46},"1":{"loc":{"start":{"line":47,"column":17},"end":{"line":47,"column":null}},"type":"cond-expr","locations":[{"start":{"line":47,"column":27},"end":{"line":47,"column":34}},{"start":{"line":47,"column":34},"end":{"line":47,"column":null}}],"line":47}},"s":{"0":1,"1":1,"2":5,"3":5,"4":1},"f":{"0":5},"b":{"0":[5],"1":[0,5]},"meta":{"lastBranch":2,"lastFunction":1,"lastStatement":5,"seen":{"s:6:6:37:Infinity":0,"s:45:15:56:Infinity":1,"f:46:2:46:3":0,"b:46:41:46:48":0,"s:47:17:47:Infinity":2,"b:47:27:47:34:47:34:47:Infinity":1,"s:48:4:53:Infinity":3,"s:57:0:57:Infinity":4}}}
,"/home/exp/Downloads/Projetos/ClimateAI/client/src/components/ui/card.tsx": {"path":"/home/exp/Downloads/Projetos/ClimateAI/client/src/components/ui/card.tsx","statementMap":{"0":{"start":{"line":4,"column":13},"end":{"line":25,"column":null}},"1":{"start":{"line":11,"column":2},"end":{"line":24,"column":null}},"2":{"start":{"line":26,"column":0},"end":{"line":26,"column":null}},"3":{"start":{"line":28,"column":19},"end":{"line":41,"column":null}},"4":{"start":{"line":32,"column":2},"end":{"line":40,"column":null}},"5":{"start":{"line":42,"column":0},"end":{"line":42,"column":null}},"6":{"start":{"line":44,"column":18},"end":{"line":56,"column":null}},"7":{"start":{"line":48,"column":2},"end":{"line":55,"column":null}},"8":{"start":{"line":57,"column":0},"end":{"line":57,"column":null}},"9":{"start":{"line":59,"column":24},"end":{"line":68,"column":null}},"10":{"start":{"line":63,"column":2},"end":{"line":67,"column":null}},"11":{"start":{"line":69,"column":0},"end":{"line":69,"column":null}},"12":{"start":{"line":71,"column":20},"end":{"line":84,"column":null}},"13":{"start":{"line":75,"column":2},"end":{"line":83,"column":null}},"14":{"start":{"line":85,"column":0},"end":{"line":85,"column":null}},"15":{"start":{"line":87,"column":19},"end":{"line":99,"column":null}},"16":{"start":{"line":91,"column":2},"end":{"line":98,"column":null}},"17":{"start":{"line":100,"column":0},"end":{"line":100,"column":null}}},"fnMap":{"0":{"name":"(anonymous_0)","decl":{"start":{"line":10,"column":2},"end":{"line":10,"column":3}},"loc":{"start":{"line":11,"column":2},"end":{"line":24,"column":null}},"line":11},"1":{"name":"(anonymous_1)","decl":{"start":{"line":31,"column":2},"end":{"line":31,"column":3}},"loc":{"start":{"line":32,"column":2},"end":{"line":40,"column":null}},"line":32},"2":{"name":"(anonymous_2)","decl":{"start":{"line":47,"column":2},"end":{"line":47,"column":3}},"loc":{"start":{"line":48,"column":2},"end":{"line":55,"column":null}},"line":48},"3":{"name":"(anonymous_3)","decl":{"start":{"line":62,"column":2},"end":{"line":62,"column":3}},"loc":{"start":{"line":63,"column":2},"end":{"line":67,"column":null}},"line":63},"4":{"name":"(anonymous_4)","decl":{"start":{"line":74,"column":2},"end":{"line":74,"column":3}},"loc":{"start":{"line":75,"column":2},"end":{"line":83,"column":null}},"line":75},"5":{"name":"(anonymous_5)","decl":{"start":{"line":90,"column":2},"end":{"line":90,"column":3}},"loc":{"start":{"line":91,"column":2},"end":{"line":98,"column":null}},"line":91}},"branchMap":{"0":{"loc":{"start":{"line":10,"column":16},"end":{"line":10,"column":37}},"type":"default-arg","locations":[{"start":{"line":10,"column":26},"end":{"line":10,"column":37}}],"line":10},"1":{"loc":{"start":{"line":10,"column":37},"end":{"line":10,"column":51}},"type":"default-arg","locations":[{"start":{"line":10,"column":45},"end":{"line":10,"column":51}}],"line":10},"2":{"loc":{"start":{"line":15,"column":6},"end":{"line":15,"column":null}},"type":"binary-expr","locations":[{"start":{"line":15,"column":6},"end":{"line":15,"column":31}},{"start":{"line":15,"column":31},"end":{"line":15,"column":null}}],"line":15},"3":{"loc":{"start":{"line":16,"column":6},"end":{"line":16,"column":null}},"type":"binary-expr","locations":[{"start":{"line":16,"column":6},"end":{"line":16,"column":32}},{"start":{"line":16,"column":32},"end":{"line":16,"column":null}}],"line":16},"4":{"loc":{"start":{"line":17,"column":6},"end":{"line":17,"column":null}},"type":"binary-expr","locations":[{"start":{"line":17,"column":6},"end":{"line":17,"column":29}},{"start":{"line":17,"column":29},"end":{"line":17,"column":null}}],"line":17},"5":{"loc":{"start":{"line":18,"column":6},"end":{"line":18,"column":null}},"type":"binary-expr","locations":[{"start":{"line":18,"column":6},"end":{"line":18,"column":15}},{"start":{"line":18,"column":15},"end":{"line":18,"column":40}},{"start":{"line":18,"column":40},"end":{"line":18,"column":null}}],"line":18},"6":{"loc":{"start":{"line":19,"column":6},"end":{"line":19,"column":null}},"type":"binary-expr","locations":[{"start":{"line":19,"column":6},"end":{"line":19,"column":15}},{"start":{"line":19,"column":15},"end":{"line":19,"column":41}},{"start":{"line":19,"column":41},"end":{"line":19,"column":null}}],"line":19},"7":{"loc":{"start":{"line":20,"column":6},"end":{"line":20,"column":null}},"type":"binary-expr","locations":[{"start":{"line":20,"column":6},"end":{"line":20,"column":15}},{"start":{"line":20,"column":15},"end":{"line":20,"column":38}},{"start":{"line":20,"column":38},"end":{"line":20,"column":null}}],"line":20}},"s":{"0":1,"1":0,"2":1,"3":1,"4":0,"5":1,"6":1,"7":0,"8":1,"9":1,"10":0,"11":1,"12":1,"13":0,"14":1,"15":1,"16":0,"17":1},"f":{"0":0,"1":0,"2":0,"3":0,"4":0,"5":0},"b":{"0":[0],"1":[0],"2":[0,0],"3":[0,0],"4":[0,0],"5":[0,0,0],"6":[0,0,0],"7":[0,0,0]},"meta":{"lastBranch":8,"lastFunction":6,"lastStatement":18,"seen":{"s:4:13:25:Infinity":0,"f:10:2:10:3":0,"s:11:2:24:Infinity":1,"b:10:26:10:37":0,"b:10:45:10:51":1,"b:15:6:15:31:15:31:15:Infinity":2,"b:16:6:16:32:16:32:16:Infinity":3,"b:17:6:17:29:17:29:17:Infinity":4,"b:18:6:18:15:18:15:18:40:18:40:18:Infinity":5,"b:19:6:19:15:19:15:19:41:19:41:19:Infinity":6,"b:20:6:20:15:20:15:20:38:20:38:20:Infinity":7,"s:26:0:26:Infinity":2,"s:28:19:41:Infinity":3,"f:31:2:31:3":1,"s:32:2:40:Infinity":4,"s:42:0:42:Infinity":5,"s:44:18:56:Infinity":6,"f:47:2:47:3":2,"s:48:2:55:Infinity":7,"s:57:0:57:Infinity":8,"s:59:24:68:Infinity":9,"f:62:2:62:3":3,"s:63:2:67:Infinity":10,"s:69:0:69:Infinity":11,"s:71:20:84:Infinity":12,"f:74:2:74:3":4,"s:75:2:83:Infinity":13,"s:85:0:85:Infinity":14,"s:87:19:99:Infinity":15,"f:90:2:90:3":5,"s:91:2:98:Infinity":16,"s:100:0:100:Infinity":17}}}
,"/home/exp/Downloads/Projetos/ClimateAI/client/src/components/ui/input.tsx": {"path":"/home/exp/Downloads/Projetos/ClimateAI/client/src/components/ui/input.tsx","statementMap":{"0":{"start":{"line":11,"column":14},"end":{"line":49,"column":null}},"1":{"start":{"line":13,"column":4},"end":{"line":46,"column":null}},"2":{"start":{"line":50,"column":0},"end":{"line":50,"column":null}}},"fnMap":{"0":{"name":"(anonymous_0)","decl":{"start":{"line":12,"column":2},"end":{"line":12,"column":3}},"loc":{"start":{"line":12,"column":81},"end":{"line":48,"column":null}},"line":12}},"branchMap":{"0":{"loc":{"start":{"line":12,"column":22},"end":{"line":12,"column":43}},"type":"default-arg","locations":[{"start":{"line":12,"column":32},"end":{"line":12,"column":43}}],"line":12},"1":{"loc":{"start":{"line":21,"column":10},"end":{"line":25,"column":null}},"type":"binary-expr","locations":[{"start":{"line":21,"column":10},"end":{"line":21,"column":35}},{"start":{"line":21,"column":35},"end":{"line":25,"column":null}}],"line":21},"2":{"loc":{"start":{"line":26,"column":10},"end":{"line":30,"column":null}},"type":"binary-expr","locations":[{"start":{"line":26,"column":10},"end":{"line":26,"column":36}},{"start":{"line":26,"column":36},"end":{"line":30,"column":null}}],"line":26},"3":{"loc":{"start":{"line":31,"column":10},"end":{"line":35,"column":null}},"type":"binary-expr","locations":[{"start":{"line":31,"column":10},"end":{"line":31,"column":34}},{"start":{"line":31,"column":34},"end":{"line":35,"column":null}}],"line":31},"4":{"loc":{"start":{"line":36,"column":10},"end":{"line":40,"column":null}},"type":"binary-expr","locations":[{"start":{"line":36,"column":10},"end":{"line":36,"column":19}},{"start":{"line":36,"column":19},"end":{"line":40,"column":null}}],"line":36},"5":{"loc":{"start":{"line":41,"column":10},"end":{"line":41,"column":null}},"type":"binary-expr","locations":[{"start":{"line":41,"column":10},"end":{"line":41,"column":23}},{"start":{"line":41,"column":23},"end":{"line":41,"column":null}}],"line":41}},"s":{"0":1,"1":0,"2":1},"f":{"0":0},"b":{"0":[0],"1":[0,0],"2":[0,0],"3":[0,0],"4":[0,0],"5":[0,0]},"meta":{"lastBranch":6,"lastFunction":1,"lastStatement":3,"seen":{"s:11:14:49:Infinity":0,"f:12:2:12:3":0,"b:12:32:12:43":0,"s:13:4:46:Infinity":1,"b:21:10:21:35:21:35:25:Infinity":1,"b:26:10:26:36:26:36:30:Infinity":2,"b:31:10:31:34:31:34:35:Infinity":3,"b:36:10:36:19:36:19:40:Infinity":4,"b:41:10:41:23:41:23:41:Infinity":5,"s:50:0:50:Infinity":2}}}
,"/home/exp/Downloads/Projetos/ClimateAI/client/src/components/ui/label.tsx": {"path":"/home/exp/Downloads/Projetos/ClimateAI/client/src/components/ui/label.tsx","statementMap":{"0":{"start":{"line":7,"column":14},"end":{"line":18,"column":null}},"1":{"start":{"line":9,"column":4},"end":{"line":16,"column":null}},"2":{"start":{"line":19,"column":0},"end":{"line":19,"column":null}}},"fnMap":{"0":{"name":"(anonymous_0)","decl":{"start":{"line":8,"column":2},"end":{"line":8,"column":3}},"loc":{"start":{"line":9,"column":4},"end":{"line":16,"column":null}},"line":9}},"branchMap":{},"s":{"0":1,"1":0,"2":1},"f":{"0":0},"b":{},"meta":{"lastBranch":0,"lastFunction":1,"lastStatement":3,"seen":{"s:7:14:18:Infinity":0,"f:8:2:8:3":0,"s:9:4:16:Infinity":1,"s:19:0:19:Infinity":2}}}
,"/home/exp/Downloads/Projetos/ClimateAI/client/src/components/ui/select.tsx": {"path":"/home/exp/Downloads/Projetos/ClimateAI/client/src/components/ui/select.tsx","statementMap":{"0":{"start":{"line":7,"column":15},"end":{"line":7,"column":null}},"1":{"start":{"line":9,"column":20},"end":{"line":9,"column":null}},"2":{"start":{"line":11,"column":20},"end":{"line":11,"column":null}},"3":{"start":{"line":13,"column":22},"end":{"line":30,"column":null}},"4":{"start":{"line":17,"column":2},"end":{"line":29,"column":null}},"5":{"start":{"line":31,"column":0},"end":{"line":31,"column":null}},"6":{"start":{"line":33,"column":29},"end":{"line":47,"column":null}},"7":{"start":{"line":37,"column":2},"end":{"line":46,"column":null}},"8":{"start":{"line":48,"column":0},"end":{"line":48,"column":null}},"9":{"start":{"line":50,"column":31},"end":{"line":64,"column":null}},"10":{"start":{"line":54,"column":2},"end":{"line":63,"column":null}},"11":{"start":{"line":65,"column":0},"end":{"line":66,"column":null}},"12":{"start":{"line":68,"column":22},"end":{"line":97,"column":null}},"13":{"start":{"line":72,"column":2},"end":{"line":96,"column":null}},"14":{"start":{"line":98,"column":0},"end":{"line":98,"column":null}},"15":{"start":{"line":100,"column":20},"end":{"line":109,"column":null}},"16":{"start":{"line":104,"column":2},"end":{"line":108,"column":null}},"17":{"start":{"line":110,"column":0},"end":{"line":110,"column":null}},"18":{"start":{"line":112,"column":19},"end":{"line":132,"column":null}},"19":{"start":{"line":116,"column":2},"end":{"line":131,"column":null}},"20":{"start":{"line":133,"column":0},"end":{"line":133,"column":null}},"21":{"start":{"line":135,"column":24},"end":{"line":144,"column":null}},"22":{"start":{"line":139,"column":2},"end":{"line":143,"column":null}},"23":{"start":{"line":145,"column":0},"end":{"line":145,"column":null}}},"fnMap":{"0":{"name":"(anonymous_0)","decl":{"start":{"line":16,"column":2},"end":{"line":16,"column":3}},"loc":{"start":{"line":17,"column":2},"end":{"line":29,"column":null}},"line":17},"1":{"name":"(anonymous_1)","decl":{"start":{"line":36,"column":2},"end":{"line":36,"column":3}},"loc":{"start":{"line":37,"column":2},"end":{"line":46,"column":null}},"line":37},"2":{"name":"(anonymous_2)","decl":{"start":{"line":53,"column":2},"end":{"line":53,"column":3}},"loc":{"start":{"line":54,"column":2},"end":{"line":63,"column":null}},"line":54},"3":{"name":"(anonymous_3)","decl":{"start":{"line":71,"column":2},"end":{"line":71,"column":3}},"loc":{"start":{"line":72,"column":2},"end":{"line":96,"column":null}},"line":72},"4":{"name":"(anonymous_4)","decl":{"start":{"line":103,"column":2},"end":{"line":103,"column":3}},"loc":{"start":{"line":104,"column":2},"end":{"line":108,"column":null}},"line":104},"5":{"name":"(anonymous_5)","decl":{"start":{"line":115,"column":2},"end":{"line":115,"column":3}},"loc":{"start":{"line":116,"column":2},"end":{"line":131,"column":null}},"line":116},"6":{"name":"(anonymous_6)","decl":{"start":{"line":138,"column":2},"end":{"line":138,"column":3}},"loc":{"start":{"line":139,"column":2},"end":{"line":143,"column":null}},"line":139}},"branchMap":{"0":{"loc":{"start":{"line":71,"column":26},"end":{"line":71,"column":47}},"type":"default-arg","locations":[{"start":{"line":71,"column":37},"end":{"line":71,"column":47}}],"line":71},"1":{"loc":{"start":{"line":77,"column":8},"end":{"line":78,"column":null}},"type":"binary-expr","locations":[{"start":{"line":77,"column":8},"end":{"line":77,"column":null}},{"start":{"line":78,"column":8},"end":{"line":78,"column":null}}],"line":77},"2":{"loc":{"start":{"line":88,"column":10},"end":{"line":89,"column":null}},"type":"binary-expr","locations":[{"start":{"line":88,"column":10},"end":{"line":88,"column":null}},{"start":{"line":89,"column":10},"end":{"line":89,"column":null}}],"line":88}},"s":{"0":1,"1":1,"2":1,"3":1,"4":0,"5":1,"6":1,"7":0,"8":1,"9":1,"10":0,"11":1,"12":1,"13":0,"14":1,"15":1,"16":0,"17":1,"18":1,"19":0,"20":1,"21":1,"22":0,"23":1},"f":{"0":0,"1":0,"2":0,"3":0,"4":0,"5":0,"6":0},"b":{"0":[0],"1":[0,0],"2":[0,0]},"meta":{"lastBranch":3,"lastFunction":7,"lastStatement":24,"seen":{"s:7:15:7:Infinity":0,"s:9:20:9:Infinity":1,"s:11:20:11:Infinity":2,"s:13:22:30:Infinity":3,"f:16:2:16:3":0,"s:17:2:29:Infinity":4,"s:31:0:31:Infinity":5,"s:33:29:47:Infinity":6,"f:36:2:36:3":1,"s:37:2:46:Infinity":7,"s:48:0:48:Infinity":8,"s:50:31:64:Infinity":9,"f:53:2:53:3":2,"s:54:2:63:Infinity":10,"s:65:0:66:Infinity":11,"s:68:22:97:Infinity":12,"f:71:2:71:3":3,"s:72:2:96:Infinity":13,"b:71:37:71:47":0,"b:77:8:77:Infinity:78:8:78:Infinity":1,"b:88:10:88:Infinity:89:10:89:Infinity":2,"s:98:0:98:Infinity":14,"s:100:20:109:Infinity":15,"f:103:2:103:3":4,"s:104:2:108:Infinity":16,"s:110:0:110:Infinity":17,"s:112:19:132:Infinity":18,"f:115:2:115:3":5,"s:116:2:131:Infinity":19,"s:133:0:133:Infinity":20,"s:135:24:144:Infinity":21,"f:138:2:138:3":6,"s:139:2:143:Infinity":22,"s:145:0:145:Infinity":23}}}
,"/home/exp/Downloads/Projetos/ClimateAI/client/src/components/ui/switch.tsx": {"path":"/home/exp/Downloads/Projetos/ClimateAI/client/src/components/ui/switch.tsx","statementMap":{"0":{"start":{"line":6,"column":15},"end":{"line":24,"column":null}},"1":{"start":{"line":10,"column":2},"end":{"line":23,"column":null}},"2":{"start":{"line":25,"column":0},"end":{"line":25,"column":null}}},"fnMap":{"0":{"name":"(anonymous_0)","decl":{"start":{"line":9,"column":2},"end":{"line":9,"column":3}},"loc":{"start":{"line":10,"column":2},"end":{"line":23,"column":null}},"line":10}},"branchMap":{},"s":{"0":1,"1":0,"2":1},"f":{"0":0},"b":{},"meta":{"lastBranch":0,"lastFunction":1,"lastStatement":3,"seen":{"s:6:15:24:Infinity":0,"f:9:2:9:3":0,"s:10:2:23:Infinity":1,"s:25:0:25:Infinity":2}}}
,"/home/exp/Downloads/Projetos/ClimateAI/client/src/contexts/LanguageContext.tsx": {"path":"/home/exp/Downloads/Projetos/ClimateAI/client/src/contexts/LanguageContext.tsx","statementMap":{"0":{"start":{"line":11,"column":13},"end":{"line":11,"column":null}},"1":{"start":{"line":13,"column":40},"end":{"line":13,"column":null}},"2":{"start":{"line":16,"column":37},"end":{"line":16,"column":null}},"3":{"start":{"line":18,"column":4},"end":{"line":23,"column":null}},"4":{"start":{"line":19,"column":26},"end":{"line":19,"column":null}},"5":{"start":{"line":20,"column":8},"end":{"line":22,"column":null}},"6":{"start":{"line":21,"column":12},"end":{"line":21,"column":null}},"7":{"start":{"line":25,"column":24},"end":{"line":28,"column":null}},"8":{"start":{"line":26,"column":8},"end":{"line":26,"column":null}},"9":{"start":{"line":27,"column":8},"end":{"line":27,"column":null}},"10":{"start":{"line":30,"column":14},"end":{"line":53,"column":null}},"11":{"start":{"line":31,"column":19},"end":{"line":31,"column":null}},"12":{"start":{"line":32,"column":27},"end":{"line":32,"column":null}},"13":{"start":{"line":34,"column":8},"end":{"line":44,"column":null}},"14":{"start":{"line":35,"column":12},"end":{"line":35,"column":null}},"15":{"start":{"line":38,"column":34},"end":{"line":38,"column":null}},"16":{"start":{"line":39,"column":12},"end":{"line":43,"column":null}},"17":{"start":{"line":40,"column":16},"end":{"line":40,"column":null}},"18":{"start":{"line":42,"column":16},"end":{"line":42,"column":null}},"19":{"start":{"line":46,"column":8},"end":{"line":50,"column":null}},"20":{"start":{"line":47,"column":12},"end":{"line":49,"column":null}},"21":{"start":{"line":48,"column":16},"end":{"line":48,"column":null}},"22":{"start":{"line":52,"column":8},"end":{"line":52,"column":null}},"23":{"start":{"line":55,"column":4},"end":{"line":58,"column":null}}},"fnMap":{"0":{"name":"LanguageProvider","decl":{"start":{"line":15,"column":16},"end":{"line":15,"column":33}},"loc":{"start":{"line":15,"column":72},"end":{"line":60,"column":null}},"line":15},"1":{"name":"(anonymous_1)","decl":{"start":{"line":18,"column":14},"end":{"line":18,"column":20}},"loc":{"start":{"line":18,"column":20},"end":{"line":23,"column":7}},"line":18},"2":{"name":"(anonymous_2)","decl":{"start":{"line":25,"column":24},"end":{"line":25,"column":25}},"loc":{"start":{"line":25,"column":44},"end":{"line":28,"column":null}},"line":25},"3":{"name":"(anonymous_3)","decl":{"start":{"line":30,"column":14},"end":{"line":30,"column":15}},"loc":{"start":{"line":30,"column":69},"end":{"line":53,"column":null}},"line":30},"4":{"name":"(anonymous_4)","decl":{"start":{"line":47,"column":43},"end":{"line":47,"column":44}},"loc":{"start":{"line":47,"column":55},"end":{"line":49,"column":13}},"line":47}},"branchMap":{"0":{"loc":{"start":{"line":20,"column":8},"end":{"line":22,"column":null}},"type":"if","locations":[{"start":{"line":20,"column":8},"end":{"line":22,"column":null}},{"start":{},"end":{}}],"line":20},"1":{"loc":{"start":{"line":20,"column":12},"end":{"line":20,"column":66}},"type":"binary-expr","locations":[{"start":{"line":20,"column":12},"end":{"line":20,"column":25}},{"start":{"line":20,"column":25},"end":{"line":20,"column":66}}],"line":20},"2":{"loc":{"start":{"line":34,"column":8},"end":{"line":44,"column":null}},"type":"if","locations":[{"start":{"line":34,"column":8},"end":{"line":44,"column":null}},{"start":{"line":36,"column":15},"end":{"line":44,"column":null}}],"line":34},"3":{"loc":{"start":{"line":34,"column":12},"end":{"line":34,"column":33}},"type":"binary-expr","locations":[{"start":{"line":34,"column":12},"end":{"line":34,"column":21}},{"start":{"line":34,"column":21},"end":{"line":34,"column":33}}],"line":34},"4":{"loc":{"start":{"line":39,"column":12},"end":{"line":43,"column":null}},"type":"if","locations":[{"start":{"line":39,"column":12},"end":{"line":43,"column":null}},{"start":{"line":41,"column":19},"end":{"line":43,"column":null}}],"line":39},"5":{"loc":{"start":{"line":39,"column":16},"end":{"line":39,"column":43}},"type":"binary-expr","locations":[{"start":{"line":39,"column":16},"end":{"line":39,"column":28}},{"start":{"line":39,"column":28},"end":{"line":39,"column":43}}],"line":39},"6":{"loc":{"start":{"line":46,"column":8},"end":{"line":50,"column":null}},"type":"if","locations":[{"start":{"line":46,"column":8},"end":{"line":50,"column":null}},{"start":{},"end":{}}],"line":46}},"s":{"0":1,"1":1,"2":1,"3":1,"4":1,"5":1,"6":0,"7":1,"8":0,"9":0,"10":1,"11":0,"12":0,"13":0,"14":0,"15":0,"16":0,"17":0,"18":0,"19":0,"20":0,"21":0,"22":0,"23":1},"f":{"0":1,"1":1,"2":0,"3":0,"4":0},"b":{"0":[0,1],"1":[1,0],"2":[0,0],"3":[0,0],"4":[0,0],"5":[0,0],"6":[0,0]},"meta":{"lastBranch":7,"lastFunction":5,"lastStatement":24,"seen":{"s:11:13:11:Infinity":0,"s:13:40:13:Infinity":1,"f:15:16:15:33":0,"s:16:37:16:Infinity":2,"s:18:4:23:Infinity":3,"f:18:14:18:20":1,"s:19:26:19:Infinity":4,"b:20:8:22:Infinity:undefined:undefined:undefined:undefined":0,"s:20:8:22:Infinity":5,"b:20:12:20:25:20:25:20:66":1,"s:21:12:21:Infinity":6,"s:25:24:28:Infinity":7,"f:25:24:25:25":2,"s:26:8:26:Infinity":8,"s:27:8:27:Infinity":9,"s:30:14:53:Infinity":10,"f:30:14:30:15":3,"s:31:19:31:Infinity":11,"s:32:27:32:Infinity":12,"b:34:8:44:Infinity:36:15:44:Infinity":2,"s:34:8:44:Infinity":13,"b:34:12:34:21:34:21:34:33":3,"s:35:12:35:Infinity":14,"s:38:34:38:Infinity":15,"b:39:12:43:Infinity:41:19:43:Infinity":4,"s:39:12:43:Infinity":16,"b:39:16:39:28:39:28:39:43":5,"s:40:16:40:Infinity":17,"s:42:16:42:Infinity":18,"b:46:8:50:Infinity:undefined:undefined:undefined:undefined":6,"s:46:8:50:Infinity":19,"s:47:12:49:Infinity":20,"f:47:43:47:44":4,"s:48:16:48:Infinity":21,"s:52:8:52:Infinity":22,"s:55:4:58:Infinity":23}}}
,"/home/exp/Downloads/Projetos/ClimateAI/client/src/hooks/useConsent.tsx": {"path":"/home/exp/Downloads/Projetos/ClimateAI/client/src/hooks/useConsent.tsx","statementMap":{"0":{"start":{"line":20,"column":28},"end":{"line":20,"column":null}},"1":{"start":{"line":21,"column":24},"end":{"line":21,"column":null}},"2":{"start":{"line":24,"column":44},"end":{"line":29,"column":null}},"3":{"start":{"line":35,"column":30},"end":{"line":35,"column":null}},"4":{"start":{"line":36,"column":36},"end":{"line":36,"column":null}},"5":{"start":{"line":37,"column":36},"end":{"line":37,"column":null}},"6":{"start":{"line":40,"column":4},"end":{"line":42,"column":null}},"7":{"start":{"line":41,"column":8},"end":{"line":41,"column":null}},"8":{"start":{"line":47,"column":10},"end":{"line":71,"column":null}},"9":{"start":{"line":48,"column":8},"end":{"line":70,"column":null}},"10":{"start":{"line":49,"column":27},"end":{"line":49,"column":null}},"11":{"start":{"line":50,"column":12},"end":{"line":66,"column":null}},"12":{"start":{"line":51,"column":51},"end":{"line":51,"column":null}},"13":{"start":{"line":54,"column":16},"end":{"line":62,"column":null}},"14":{"start":{"line":56,"column":20},"end":{"line":56,"column":null}},"15":{"start":{"line":57,"column":20},"end":{"line":57,"column":null}},"16":{"start":{"line":59,"column":20},"end":{"line":59,"column":null}},"17":{"start":{"line":60,"column":20},"end":{"line":60,"column":null}},"18":{"start":{"line":61,"column":20},"end":{"line":61,"column":null}},"19":{"start":{"line":65,"column":16},"end":{"line":65,"column":null}},"20":{"start":{"line":68,"column":12},"end":{"line":68,"column":null}},"21":{"start":{"line":69,"column":12},"end":{"line":69,"column":null}},"22":{"start":{"line":76,"column":10},"end":{"line":97,"column":null}},"23":{"start":{"line":77,"column":8},"end":{"line":96,"column":null}},"24":{"start":{"line":78,"column":34},"end":{"line":82,"column":null}},"25":{"start":{"line":83,"column":12},"end":{"line":83,"column":null}},"26":{"start":{"line":84,"column":12},"end":{"line":84,"column":null}},"27":{"start":{"line":85,"column":12},"end":{"line":85,"column":null}},"28":{"start":{"line":86,"column":12},"end":{"line":86,"column":null}},"29":{"start":{"line":89,"column":12},"end":{"line":93,"column":null}},"30":{"start":{"line":90,"column":16},"end":{"line":90,"column":null}},"31":{"start":{"line":92,"column":16},"end":{"line":92,"column":null}},"32":{"start":{"line":95,"column":12},"end":{"line":95,"column":null}},"33":{"start":{"line":102,"column":10},"end":{"line":109,"column":null}},"34":{"start":{"line":103,"column":8},"end":{"line":108,"column":null}},"35":{"start":{"line":114,"column":10},"end":{"line":116,"column":null}},"36":{"start":{"line":115,"column":8},"end":{"line":115,"column":null}},"37":{"start":{"line":121,"column":10},"end":{"line":126,"column":null}},"38":{"start":{"line":122,"column":8},"end":{"line":125,"column":null}},"39":{"start":{"line":131,"column":10},"end":{"line":137,"column":null}},"40":{"start":{"line":132,"column":8},"end":{"line":132,"column":null}},"41":{"start":{"line":133,"column":8},"end":{"line":133,"column":null}},"42":{"start":{"line":134,"column":8},"end":{"line":134,"column":null}},"43":{"start":{"line":135,"column":8},"end":{"line":135,"column":null}},"44":{"start":{"line":136,"column":8},"end":{"line":136,"column":null}},"45":{"start":{"line":142,"column":10},"end":{"line":145,"column":null}},"46":{"start":{"line":143,"column":8},"end":{"line":143,"column":null}},"47":{"start":{"line":143,"column":38},"end":{"line":143,"column":null}},"48":{"start":{"line":144,"column":8},"end":{"line":144,"column":null}},"49":{"start":{"line":147,"column":4},"end":{"line":158,"column":null}},"50":{"start":{"line":166,"column":4},"end":{"line":169,"column":null}},"51":{"start":{"line":167,"column":8},"end":{"line":167,"column":null}},"52":{"start":{"line":176,"column":4},"end":{"line":179,"column":null}},"53":{"start":{"line":177,"column":8},"end":{"line":177,"column":null}},"54":{"start":{"line":207,"column":50},"end":{"line":207,"column":null}},"55":{"start":{"line":208,"column":48},"end":{"line":212,"column":null}},"56":{"start":{"line":214,"column":4},"end":{"line":214,"column":null}},"57":{"start":{"line":214,"column":15},"end":{"line":214,"column":null}},"58":{"start":{"line":216,"column":29},"end":{"line":219,"column":null}},"59":{"start":{"line":217,"column":8},"end":{"line":217,"column":null}},"60":{"start":{"line":218,"column":8},"end":{"line":218,"column":null}},"61":{"start":{"line":221,"column":4},"end":{"line":315,"column":null}},"62":{"start":{"line":222,"column":8},"end":{"line":313,"column":null}},"63":{"start":{"line":257,"column":36},"end":{"line":257,"column":null}},"64":{"start":{"line":257,"column":65},"end":{"line":257,"column":97}},"65":{"start":{"line":273,"column":36},"end":{"line":273,"column":null}},"66":{"start":{"line":273,"column":65},"end":{"line":273,"column":97}},"67":{"start":{"line":289,"column":36},"end":{"line":289,"column":null}},"68":{"start":{"line":289,"column":65},"end":{"line":289,"column":99}},"69":{"start":{"line":297,"column":47},"end":{"line":297,"column":null}},"70":{"start":{"line":317,"column":4},"end":{"line":397,"column":null}},"71":{"start":{"line":380,"column":43},"end":{"line":380,"column":null}},"72":{"start":{"line":405,"column":34},"end":{"line":405,"column":null}},"73":{"start":{"line":406,"column":40},"end":{"line":406,"column":null}},"74":{"start":{"line":408,"column":4},"end":{"line":434,"column":null}},"75":{"start":{"line":409,"column":31},"end":{"line":412,"column":null}},"76":{"start":{"line":410,"column":12},"end":{"line":410,"column":null}},"77":{"start":{"line":411,"column":12},"end":{"line":411,"column":null}},"78":{"start":{"line":415,"column":23},"end":{"line":415,"column":null}},"79":{"start":{"line":416,"column":8},"end":{"line":418,"column":null}},"80":{"start":{"line":417,"column":12},"end":{"line":417,"column":null}},"81":{"start":{"line":421,"column":30},"end":{"line":426,"column":null}},"82":{"start":{"line":422,"column":28},"end":{"line":422,"column":null}},"83":{"start":{"line":423,"column":12},"end":{"line":425,"column":null}},"84":{"start":{"line":424,"column":16},"end":{"line":424,"column":null}},"85":{"start":{"line":428,"column":8},"end":{"line":433,"column":null}},"86":{"start":{"line":429,"column":12},"end":{"line":431,"column":null}},"87":{"start":{"line":430,"column":16},"end":{"line":430,"column":null}},"88":{"start":{"line":432,"column":12},"end":{"line":432,"column":null}},"89":{"start":{"line":436,"column":10},"end":{"line":439,"column":null}},"90":{"start":{"line":437,"column":8},"end":{"line":437,"column":null}},"91":{"start":{"line":438,"column":8},"end":{"line":438,"column":null}},"92":{"start":{"line":441,"column":4},"end":{"line":441,"column":null}}},"fnMap":{"0":{"name":"useConsent","decl":{"start":{"line":34,"column":16},"end":{"line":34,"column":29}},"loc":{"start":{"line":34,"column":29},"end":{"line":159,"column":null}},"line":34},"1":{"name":"(anonymous_1)","decl":{"start":{"line":40,"column":14},"end":{"line":40,"column":20}},"loc":{"start":{"line":40,"column":20},"end":{"line":42,"column":7}},"line":40},"2":{"name":"(anonymous_2)","decl":{"start":{"line":47,"column":36},"end":{"line":47,"column":42}},"loc":{"start":{"line":47,"column":42},"end":{"line":71,"column":7}},"line":47},"3":{"name":"(anonymous_3)","decl":{"start":{"line":76,"column":36},"end":{"line":76,"column":37}},"loc":{"start":{"line":76,"column":72},"end":{"line":97,"column":7}},"line":76},"4":{"name":"(anonymous_4)","decl":{"start":{"line":102,"column":34},"end":{"line":102,"column":40}},"loc":{"start":{"line":102,"column":40},"end":{"line":109,"column":7}},"line":102},"5":{"name":"(anonymous_5)","decl":{"start":{"line":114,"column":40},"end":{"line":114,"column":46}},"loc":{"start":{"line":114,"column":46},"end":{"line":116,"column":7}},"line":114},"6":{"name":"(anonymous_6)","decl":{"start":{"line":121,"column":41},"end":{"line":121,"column":42}},"loc":{"start":{"line":121,"column":86},"end":{"line":126,"column":7}},"line":121},"7":{"name":"(anonymous_7)","decl":{"start":{"line":131,"column":40},"end":{"line":131,"column":46}},"loc":{"start":{"line":131,"column":46},"end":{"line":137,"column":7}},"line":131},"8":{"name":"(anonymous_8)","decl":{"start":{"line":142,"column":43},"end":{"line":142,"column":44}},"loc":{"start":{"line":142,"column":83},"end":{"line":145,"column":7}},"line":142},"9":{"name":"initializeAnalytics","decl":{"start":{"line":164,"column":9},"end":{"line":164,"column":31}},"loc":{"start":{"line":164,"column":31},"end":{"line":170,"column":null}},"line":164},"10":{"name":"disableAnalytics","decl":{"start":{"line":175,"column":9},"end":{"line":175,"column":28}},"loc":{"start":{"line":175,"column":28},"end":{"line":180,"column":null}},"line":175},"11":{"name":"ConsentBanner","decl":{"start":{"line":200,"column":16},"end":{"line":200,"column":30}},"loc":{"start":{"line":206,"column":23},"end":{"line":399,"column":null}},"line":206},"12":{"name":"(anonymous_12)","decl":{"start":{"line":216,"column":29},"end":{"line":216,"column":35}},"loc":{"start":{"line":216,"column":35},"end":{"line":219,"column":null}},"line":216},"13":{"name":"(anonymous_13)","decl":{"start":{"line":256,"column":49},"end":{"line":256,"column":50}},"loc":{"start":{"line":257,"column":36},"end":{"line":257,"column":null}},"line":257},"14":{"name":"(anonymous_14)","decl":{"start":{"line":257,"column":56},"end":{"line":257,"column":65}},"loc":{"start":{"line":257,"column":65},"end":{"line":257,"column":97}},"line":257},"15":{"name":"(anonymous_15)","decl":{"start":{"line":272,"column":49},"end":{"line":272,"column":50}},"loc":{"start":{"line":273,"column":36},"end":{"line":273,"column":null}},"line":273},"16":{"name":"(anonymous_16)","decl":{"start":{"line":273,"column":56},"end":{"line":273,"column":65}},"loc":{"start":{"line":273,"column":65},"end":{"line":273,"column":97}},"line":273},"17":{"name":"(anonymous_17)","decl":{"start":{"line":288,"column":49},"end":{"line":288,"column":50}},"loc":{"start":{"line":289,"column":36},"end":{"line":289,"column":null}},"line":289},"18":{"name":"(anonymous_18)","decl":{"start":{"line":289,"column":56},"end":{"line":289,"column":65}},"loc":{"start":{"line":289,"column":65},"end":{"line":289,"column":99}},"line":289},"19":{"name":"(anonymous_19)","decl":{"start":{"line":297,"column":41},"end":{"line":297,"column":47}},"loc":{"start":{"line":297,"column":47},"end":{"line":297,"column":null}},"line":297},"20":{"name":"(anonymous_20)","decl":{"start":{"line":380,"column":37},"end":{"line":380,"column":43}},"loc":{"start":{"line":380,"column":43},"end":{"line":380,"column":null}},"line":380},"21":{"name":"useSessionTimeout","decl":{"start":{"line":404,"column":16},"end":{"line":404,"column":34}},"loc":{"start":{"line":404,"column":63},"end":{"line":442,"column":null}},"line":404},"22":{"name":"(anonymous_22)","decl":{"start":{"line":408,"column":14},"end":{"line":408,"column":20}},"loc":{"start":{"line":408,"column":20},"end":{"line":434,"column":7}},"line":408},"23":{"name":"(anonymous_23)","decl":{"start":{"line":409,"column":31},"end":{"line":409,"column":37}},"loc":{"start":{"line":409,"column":37},"end":{"line":412,"column":null}},"line":409},"24":{"name":"(anonymous_24)","decl":{"start":{"line":416,"column":23},"end":{"line":416,"column":32}},"loc":{"start":{"line":416,"column":32},"end":{"line":418,"column":9}},"line":416},"25":{"name":"(anonymous_25)","decl":{"start":{"line":421,"column":42},"end":{"line":421,"column":48}},"loc":{"start":{"line":421,"column":48},"end":{"line":426,"column":11}},"line":421},"26":{"name":"(anonymous_26)","decl":{"start":{"line":428,"column":15},"end":{"line":428,"column":21}},"loc":{"start":{"line":428,"column":21},"end":{"line":433,"column":null}},"line":428},"27":{"name":"(anonymous_27)","decl":{"start":{"line":429,"column":27},"end":{"line":429,"column":36}},"loc":{"start":{"line":429,"column":36},"end":{"line":431,"column":13}},"line":429},"28":{"name":"(anonymous_28)","decl":{"start":{"line":436,"column":38},"end":{"line":436,"column":44}},"loc":{"start":{"line":436,"column":44},"end":{"line":439,"column":7}},"line":436}},"branchMap":{"0":{"loc":{"start":{"line":50,"column":12},"end":{"line":66,"column":null}},"type":"if","locations":[{"start":{"line":50,"column":12},"end":{"line":66,"column":null}},{"start":{"line":63,"column":19},"end":{"line":66,"column":null}}],"line":50},"1":{"loc":{"start":{"line":54,"column":16},"end":{"line":62,"column":null}},"type":"if","locations":[{"start":{"line":54,"column":16},"end":{"line":62,"column":null}},{"start":{"line":58,"column":23},"end":{"line":62,"column":null}}],"line":54},"2":{"loc":{"start":{"line":89,"column":12},"end":{"line":93,"column":null}},"type":"if","locations":[{"start":{"line":89,"column":12},"end":{"line":93,"column":null}},{"start":{"line":91,"column":19},"end":{"line":93,"column":null}}],"line":89},"3":{"loc":{"start":{"line":143,"column":8},"end":{"line":143,"column":null}},"type":"if","locations":[{"start":{"line":143,"column":8},"end":{"line":143,"column":null}},{"start":{},"end":{}}],"line":143},"4":{"loc":{"start":{"line":166,"column":4},"end":{"line":169,"column":null}},"type":"if","locations":[{"start":{"line":166,"column":4},"end":{"line":169,"column":null}},{"start":{},"end":{}}],"line":166},"5":{"loc":{"start":{"line":176,"column":4},"end":{"line":179,"column":null}},"type":"if","locations":[{"start":{"line":176,"column":4},"end":{"line":179,"column":null}},{"start":{},"end":{}}],"line":176},"6":{"loc":{"start":{"line":214,"column":4},"end":{"line":214,"column":null}},"type":"if","locations":[{"start":{"line":214,"column":4},"end":{"line":214,"column":null}},{"start":{},"end":{}}],"line":214},"7":{"loc":{"start":{"line":221,"column":4},"end":{"line":315,"column":null}},"type":"if","locations":[{"start":{"line":221,"column":4},"end":{"line":315,"column":null}},{"start":{},"end":{}}],"line":221},"8":{"loc":{"start":{"line":404,"column":34},"end":{"line":404,"column":63}},"type":"default-arg","locations":[{"start":{"line":404,"column":59},"end":{"line":404,"column":63}}],"line":404},"9":{"loc":{"start":{"line":423,"column":12},"end":{"line":425,"column":null}},"type":"if","locations":[{"start":{"line":423,"column":12},"end":{"line":425,"column":null}},{"start":{},"end":{}}],"line":423}},"s":{"0":1,"1":1,"2":1,"3":2,"4":2,"5":2,"6":2,"7":1,"8":2,"9":1,"10":1,"11":1,"12":0,"13":0,"14":0,"15":0,"16":0,"17":0,"18":0,"19":1,"20":0,"21":0,"22":2,"23":0,"24":0,"25":0,"26":0,"27":0,"28":0,"29":0,"30":0,"31":0,"32":0,"33":2,"34":0,"35":2,"36":0,"37":2,"38":0,"39":2,"40":0,"41":0,"42":0,"43":0,"44":0,"45":2,"46":0,"47":0,"48":0,"49":2,"50":0,"51":0,"52":0,"53":0,"54":2,"55":2,"56":2,"57":1,"58":1,"59":0,"60":0,"61":1,"62":0,"63":0,"64":0,"65":0,"66":0,"67":0,"68":0,"69":0,"70":1,"71":0,"72":0,"73":0,"74":0,"75":0,"76":0,"77":0,"78":0,"79":0,"80":0,"81":0,"82":0,"83":0,"84":0,"85":0,"86":0,"87":0,"88":0,"89":0,"90":0,"91":0,"92":0},"f":{"0":2,"1":1,"2":1,"3":0,"4":0,"5":0,"6":0,"7":0,"8":0,"9":0,"10":0,"11":2,"12":0,"13":0,"14":0,"15":0,"16":0,"17":0,"18":0,"19":0,"20":0,"21":0,"22":0,"23":0,"24":0,"25":0,"26":0,"27":0,"28":0},"b":{"0":[0,1],"1":[0,0],"2":[0,0],"3":[0,0],"4":[0,0],"5":[0,0],"6":[1,1],"7":[0,1],"8":[0],"9":[0,0]},"meta":{"lastBranch":10,"lastFunction":29,"lastStatement":93,"seen":{"s:20:28:20:Infinity":0,"s:21:24:21:Infinity":1,"s:24:44:29:Infinity":2,"f:34:16:34:29":0,"s:35:30:35:Infinity":3,"s:36:36:36:Infinity":4,"s:37:36:37:Infinity":5,"s:40:4:42:Infinity":6,"f:40:14:40:20":1,"s:41:8:41:Infinity":7,"s:47:10:71:Infinity":8,"f:47:36:47:42":2,"s:48:8:70:Infinity":9,"s:49:27:49:Infinity":10,"b:50:12:66:Infinity:63:19:66:Infinity":0,"s:50:12:66:Infinity":11,"s:51:51:51:Infinity":12,"b:54:16:62:Infinity:58:23:62:Infinity":1,"s:54:16:62:Infinity":13,"s:56:20:56:Infinity":14,"s:57:20:57:Infinity":15,"s:59:20:59:Infinity":16,"s:60:20:60:Infinity":17,"s:61:20:61:Infinity":18,"s:65:16:65:Infinity":19,"s:68:12:68:Infinity":20,"s:69:12:69:Infinity":21,"s:76:10:97:Infinity":22,"f:76:36:76:37":3,"s:77:8:96:Infinity":23,"s:78:34:82:Infinity":24,"s:83:12:83:Infinity":25,"s:84:12:84:Infinity":26,"s:85:12:85:Infinity":27,"s:86:12:86:Infinity":28,"b:89:12:93:Infinity:91:19:93:Infinity":2,"s:89:12:93:Infinity":29,"s:90:16:90:Infinity":30,"s:92:16:92:Infinity":31,"s:95:12:95:Infinity":32,"s:102:10:109:Infinity":33,"f:102:34:102:40":4,"s:103:8:108:Infinity":34,"s:114:10:116:Infinity":35,"f:114:40:114:46":5,"s:115:8:115:Infinity":36,"s:121:10:126:Infinity":37,"f:121:41:121:42":6,"s:122:8:125:Infinity":38,"s:131:10:137:Infinity":39,"f:131:40:131:46":7,"s:132:8:132:Infinity":40,"s:133:8:133:Infinity":41,"s:134:8:134:Infinity":42,"s:135:8:135:Infinity":43,"s:136:8:136:Infinity":44,"s:142:10:145:Infinity":45,"f:142:43:142:44":8,"b:143:8:143:Infinity:undefined:undefined:undefined:undefined":3,"s:143:8:143:Infinity":46,"s:143:38:143:Infinity":47,"s:144:8:144:Infinity":48,"s:147:4:158:Infinity":49,"f:164:9:164:31":9,"b:166:4:169:Infinity:undefined:undefined:undefined:undefined":4,"s:166:4:169:Infinity":50,"s:167:8:167:Infinity":51,"f:175:9:175:28":10,"b:176:4:179:Infinity:undefined:undefined:undefined:undefined":5,"s:176:4:179:Infinity":52,"s:177:8:177:Infinity":53,"f:200:16:200:30":11,"s:207:50:207:Infinity":54,"s:208:48:212:Infinity":55,"b:214:4:214:Infinity:undefined:undefined:undefined:undefined":6,"s:214:4:214:Infinity":56,"s:214:15:214:Infinity":57,"s:216:29:219:Infinity":58,"f:216:29:216:35":12,"s:217:8:217:Infinity":59,"s:218:8:218:Infinity":60,"b:221:4:315:Infinity:undefined:undefined:undefined:undefined":7,"s:221:4:315:Infinity":61,"s:222:8:313:Infinity":62,"f:256:49:256:50":13,"s:257:36:257:Infinity":63,"f:257:56:257:65":14,"s:257:65:257:97":64,"f:272:49:272:50":15,"s:273:36:273:Infinity":65,"f:273:56:273:65":16,"s:273:65:273:97":66,"f:288:49:288:50":17,"s:289:36:289:Infinity":67,"f:289:56:289:65":18,"s:289:65:289:99":68,"f:297:41:297:47":19,"s:297:47:297:Infinity":69,"s:317:4:397:Infinity":70,"f:380:37:380:43":20,"s:380:43:380:Infinity":71,"f:404:16:404:34":21,"b:404:59:404:63":8,"s:405:34:405:Infinity":72,"s:406:40:406:Infinity":73,"s:408:4:434:Infinity":74,"f:408:14:408:20":22,"s:409:31:412:Infinity":75,"f:409:31:409:37":23,"s:410:12:410:Infinity":76,"s:411:12:411:Infinity":77,"s:415:23:415:Infinity":78,"s:416:8:418:Infinity":79,"f:416:23:416:32":24,"s:417:12:417:Infinity":80,"s:421:30:426:Infinity":81,"f:421:42:421:48":25,"s:422:28:422:Infinity":82,"b:423:12:425:Infinity:undefined:undefined:undefined:undefined":9,"s:423:12:425:Infinity":83,"s:424:16:424:Infinity":84,"s:428:8:433:Infinity":85,"f:428:15:428:21":26,"s:429:12:431:Infinity":86,"f:429:27:429:36":27,"s:430:16:430:Infinity":87,"s:432:12:432:Infinity":88,"s:436:10:439:Infinity":89,"f:436:38:436:44":28,"s:437:8:437:Infinity":90,"s:438:8:438:Infinity":91,"s:441:4:441:Infinity":92}}}
,"/home/exp/Downloads/Projetos/ClimateAI/client/src/i18n/translations.ts": {"path":"/home/exp/Downloads/Projetos/ClimateAI/client/src/i18n/translations.ts","statementMap":{"0":{"start":{"line":2,"column":28},"end":{"line":3062,"column":null}}},"fnMap":{},"branchMap":{},"s":{"0":1},"f":{},"b":{},"meta":{"lastBranch":0,"lastFunction":0,"lastStatement":1,"seen":{"s:2:28:3062:Infinity":0}}}
,"/home/exp/Downloads/Projetos/ClimateAI/client/src/lib/AuthContext.tsx": {"path":"/home/exp/Downloads/Projetos/ClimateAI/client/src/lib/AuthContext.tsx","statementMap":{"0":{"start":{"line":42,"column":6},"end":{"line":42,"column":null}},"1":{"start":{"line":45,"column":8},"end":{"line":45,"column":null}},"2":{"start":{"line":46,"column":2},"end":{"line":48,"column":null}},"3":{"start":{"line":47,"column":4},"end":{"line":47,"column":null}},"4":{"start":{"line":49,"column":2},"end":{"line":49,"column":null}},"5":{"start":{"line":57,"column":22},"end":{"line":57,"column":null}},"6":{"start":{"line":58,"column":28},"end":{"line":58,"column":null}},"7":{"start":{"line":59,"column":32},"end":{"line":59,"column":null}},"8":{"start":{"line":60,"column":24},"end":{"line":60,"column":null}},"9":{"start":{"line":61,"column":28},"end":{"line":61,"column":null}},"10":{"start":{"line":64,"column":26},"end":{"line":91,"column":null}},"11":{"start":{"line":66,"column":4},"end":{"line":83,"column":null}},"12":{"start":{"line":67,"column":32},"end":{"line":71,"column":null}},"13":{"start":{"line":73,"column":6},"end":{"line":82,"column":null}},"14":{"start":{"line":74,"column":8},"end":{"line":81,"column":null}},"15":{"start":{"line":86,"column":4},"end":{"line":90,"column":null}},"16":{"start":{"line":96,"column":2},"end":{"line":153,"column":null}},"17":{"start":{"line":98,"column":24},"end":{"line":98,"column":null}},"18":{"start":{"line":100,"column":4},"end":{"line":146,"column":null}},"19":{"start":{"line":102,"column":26},"end":{"line":102,"column":null}},"20":{"start":{"line":103,"column":27},"end":{"line":103,"column":null}},"21":{"start":{"line":105,"column":6},"end":{"line":115,"column":null}},"22":{"start":{"line":107,"column":8},"end":{"line":113,"column":null}},"23":{"start":{"line":114,"column":8},"end":{"line":114,"column":null}},"24":{"start":{"line":118,"column":12},"end":{"line":118,"column":null}},"25":{"start":{"line":119,"column":29},"end":{"line":142,"column":null}},"26":{"start":{"line":120,"column":8},"end":{"line":128,"column":null}},"27":{"start":{"line":121,"column":27},"end":{"line":121,"column":null}},"28":{"start":{"line":122,"column":33},"end":{"line":122,"column":null}},"29":{"start":{"line":123,"column":10},"end":{"line":127,"column":null}},"30":{"start":{"line":124,"column":12},"end":{"line":124,"column":null}},"31":{"start":{"line":125,"column":12},"end":{"line":125,"column":null}},"32":{"start":{"line":126,"column":12},"end":{"line":126,"column":null}},"33":{"start":{"line":131,"column":28},"end":{"line":131,"column":null}},"34":{"start":{"line":132,"column":29},"end":{"line":132,"column":null}},"35":{"start":{"line":133,"column":8},"end":{"line":141,"column":null}},"36":{"start":{"line":134,"column":10},"end":{"line":134,"column":null}},"37":{"start":{"line":135,"column":10},"end":{"line":140,"column":null}},"38":{"start":{"line":144,"column":6},"end":{"line":144,"column":null}},"39":{"start":{"line":144,"column":37},"end":{"line":144,"column":56}},"40":{"start":{"line":145,"column":6},"end":{"line":145,"column":null}},"41":{"start":{"line":148,"column":4},"end":{"line":148,"column":null}},"42":{"start":{"line":150,"column":4},"end":{"line":152,"column":null}},"43":{"start":{"line":155,"column":16},"end":{"line":213,"column":null}},"44":{"start":{"line":156,"column":4},"end":{"line":156,"column":null}},"45":{"start":{"line":157,"column":4},"end":{"line":157,"column":null}},"46":{"start":{"line":158,"column":4},"end":{"line":158,"column":null}},"47":{"start":{"line":159,"column":4},"end":{"line":212,"column":null}},"48":{"start":{"line":161,"column":12},"end":{"line":161,"column":null}},"49":{"start":{"line":163,"column":6},"end":{"line":193,"column":null}},"50":{"start":{"line":164,"column":25},"end":{"line":168,"column":null}},"51":{"start":{"line":170,"column":8},"end":{"line":178,"column":null}},"52":{"start":{"line":171,"column":23},"end":{"line":171,"column":null}},"53":{"start":{"line":173,"column":10},"end":{"line":173,"column":null}},"54":{"start":{"line":174,"column":10},"end":{"line":174,"column":null}},"55":{"start":{"line":175,"column":10},"end":{"line":175,"column":null}},"56":{"start":{"line":176,"column":10},"end":{"line":176,"column":null}},"57":{"start":{"line":177,"column":10},"end":{"line":177,"column":null}},"58":{"start":{"line":180,"column":24},"end":{"line":180,"column":null}},"59":{"start":{"line":180,"column":58},"end":{"line":180,"column":62}},"60":{"start":{"line":181,"column":31},"end":{"line":181,"column":null}},"61":{"start":{"line":183,"column":8},"end":{"line":185,"column":null}},"62":{"start":{"line":184,"column":10},"end":{"line":184,"column":null}},"63":{"start":{"line":187,"column":8},"end":{"line":187,"column":null}},"64":{"start":{"line":189,"column":8},"end":{"line":191,"column":null}},"65":{"start":{"line":190,"column":10},"end":{"line":190,"column":null}},"66":{"start":{"line":192,"column":8},"end":{"line":192,"column":null}},"67":{"start":{"line":196,"column":12},"end":{"line":196,"column":null}},"68":{"start":{"line":197,"column":6},"end":{"line":197,"column":null}},"69":{"start":{"line":197,"column":19},"end":{"line":197,"column":null}},"70":{"start":{"line":199,"column":30},"end":{"line":199,"column":null}},"71":{"start":{"line":200,"column":6},"end":{"line":200,"column":null}},"72":{"start":{"line":200,"column":17},"end":{"line":200,"column"
[...]
:75,"column":null}},"line":65},"4":{"name":"(anonymous_4)","decl":{"start":{"line":77,"column":22},"end":{"line":77,"column":29}},"loc":{"start":{"line":77,"column":65},"end":{"line":87,"column":null}},"line":77},"5":{"name":"(anonymous_5)","decl":{"start":{"line":89,"column":23},"end":{"line":89,"column":35}},"loc":{"start":{"line":89,"column":35},"end":{"line":95,"column":null}},"line":89},"6":{"name":"(anonymous_6)","decl":{"start":{"line":97,"column":30},"end":{"line":97,"column":42}},"loc":{"start":{"line":97,"column":42},"end":{"line":103,"column":null}},"line":97},"7":{"name":"(anonymous_7)","decl":{"start":{"line":105,"column":26},"end":{"line":105,"column":38}},"loc":{"start":{"line":105,"column":38},"end":{"line":111,"column":null}},"line":105},"8":{"name":"(anonymous_8)","decl":{"start":{"line":114,"column":33},"end":{"line":114,"column":34}},"loc":{"start":{"line":114,"column":86},"end":{"line":119,"column":null}},"line":114},"9":{"name":"(anonymous_9)","decl":{"start":{"line":116,"column":63},"end":{"line":116,"column":69}},"loc":{"start":{"line":116,"column":69},"end":{"line":116,"column":73}},"line":116},"10":{"name":"(anonymous_10)","decl":{"start":{"line":122,"column":26},"end":{"line":122,"column":null}},"loc":{"start":{"line":126,"column":19},"end":{"line":146,"column":null}},"line":126},"11":{"name":"(anonymous_11)","decl":{"start":{"line":133,"column":40},"end":{"line":133,"column":41}},"loc":{"start":{"line":133,"column":61},"end":{"line":135,"column":9}},"line":133},"12":{"name":"(anonymous_12)","decl":{"start":{"line":148,"column":25},"end":{"line":148,"column":35}},"loc":{"start":{"line":148,"column":90},"end":{"line":160,"column":null}},"line":148},"13":{"name":"(anonymous_13)","decl":{"start":{"line":162,"column":25},"end":{"line":162,"column":null}},"loc":{"start":{"line":167,"column":24},"end":{"line":184,"column":null}},"line":167},"14":{"name":"(anonymous_14)","decl":{"start":{"line":186,"column":25},"end":{"line":186,"column":32}},"loc":{"start":{"line":186,"column":104},"end":{"line":198,"column":null}},"line":186}},"branchMap":{"0":{"loc":{"start":{"line":12,"column":4},"end":{"line":12,"column":null}},"type":"if","locations":[{"start":{"line":12,"column":4},"end":{"line":12,"column":null}},{"start":{},"end":{}}],"line":12},"1":{"loc":{"start":{"line":14,"column":11},"end":{"line":14,"column":null}},"type":"binary-expr","locations":[{"start":{"line":14,"column":11},"end":{"line":14,"column":33}},{"start":{"line":14,"column":33},"end":{"line":14,"column":null}}],"line":14},"2":{"loc":{"start":{"line":18,"column":16},"end":{"line":18,"column":62}},"type":"binary-expr","locations":[{"start":{"line":18,"column":16},"end":{"line":18,"column":58}},{"start":{"line":18,"column":58},"end":{"line":18,"column":62}}],"line":18},"3":{"loc":{"start":{"line":19,"column":21},"end":{"line":19,"column":62}},"type":"binary-expr","locations":[{"start":{"line":19,"column":21},"end":{"line":19,"column":58}},{"start":{"line":19,"column":58},"end":{"line":19,"column":62}}],"line":19},"4":{"loc":{"start":{"line":20,"column":24},"end":{"line":20,"column":null}},"type":"cond-expr","locations":[{"start":{"line":20,"column":45},"end":{"line":20,"column":54}},{"start":{"line":20,"column":54},"end":{"line":20,"column":null}}],"line":20},"5":{"loc":{"start":{"line":22,"column":0},"end":{"line":26,"column":null}},"type":"if","locations":[{"start":{"line":22,"column":0},"end":{"line":26,"column":null}},{"start":{},"end":{}}],"line":22},"6":{"loc":{"start":{"line":22,"column":4},"end":{"line":22,"column":38}},"type":"binary-expr","locations":[{"start":{"line":22,"column":4},"end":{"line":22,"column":20}},{"start":{"line":22,"column":20},"end":{"line":22,"column":38}}],"line":22},"7":{"loc":{"start":{"line":30,"column":19},"end":{"line":30,"column":49}},"type":"binary-expr","locations":[{"start":{"line":30,"column":19},"end":{"line":30,"column":34}},{"start":{"line":30,"column":34},"end":{"line":30,"column":49}}],"line":30},"8":{"loc":{"start":{"line":37,"column":4},"end":{"line":39,"column":null}},"type":"if","locations":[{"start":{"line":37,"column":4},"end":{"line":39,"column":null}},{"start":{},"end":{}}],"line":37},"9":{"loc":{"start":{"line":41,"column":4},"end":{"line":44,"column":null}},"type":"if","locations":[{"start":{"line":41,"column":4},"end":{"line":44,"column":null}},{"start":{},"end":{}}],"line":41},"10":{"loc":{"start":{"line":67,"column":4},"end":{"line":67,"column":null}},"type":"if","locations":[{"start":{"line":67,"column":4},"end":{"line":67,"column":null}},{"start":{},"end":{}}],"line":67},"11":{"loc":{"start":{"line":79,"column":4},"end":{"line":79,"column":null}},"type":"if","locations":[{"start":{"line":79,"column":4},"end":{"line":79,"column":null}},{"start":{},"end":{}}],"line":79},"12":{"loc":{"start":{"line":91,"column":4},"end":{"line":91,"column":null}},"type":"if","locations":[{"start":{"line":91,"column":4},"end":{"line":91,"column":null}},{"start":{},"end":{}}],"line":91},"13":{"loc":{"start":{"line":99,"column":4},"end":{"line":99,"column":null}},"type":"if","locations":[{"start":{"line":99,"column":4},"end":{"line":99,"column":null}},{"start":{},"end":{}}],"line":99},"14":{"loc":{"start":{"line":107,"column":4},"end":{"line":107,"column":null}},"type":"if","locations":[{"start":{"line":107,"column":4},"end":{"line":107,"column":null}},{"start":{},"end":{}}],"line":107},"15":{"loc":{"start":{"line":116,"column":4},"end":{"line":116,"column":null}},"type":"if","locations":[{"start":{"line":116,"column":4},"end":{"line":116,"column":null}},{"start":{},"end":{}}],"line":116},"16":{"loc":{"start":{"line":125,"column":4},"end":{"line":125,"column":null}},"type":"default-arg","locations":[{"start":{"line":125,"column":12},"end":{"line":125,"column":null}}],"line":125},"17":{"loc":{"start":{"line":128,"column":4},"end":{"line":128,"column":null}},"type":"if","locations":[{"start":{"line":128,"column":4},"end":{"line":128,"column":null}},{"start":{},"end":{}}],"line":128},"18":{"loc":{"start":{"line":132,"column":4},"end":{"line":136,"column":null}},"type":"if","locations":[{"start":{"line":132,"column":4},"end":{"line":136,"column":null}},{"start":{},"end":{}}],"line":132},"19":{"loc":{"start":{"line":140,"column":4},"end":{"line":143,"column":null}},"type":"if","locations":[{"start":{"line":140,"column":4},"end":{"line":143,"column":null}},{"start":{},"end":{}}],"line":140},"20":{"loc":{"start":{"line":145,"column":12},"end":{"line":145,"column":null}},"type":"binary-expr","locations":[{"start":{"line":145,"column":12},"end":{"line":145,"column":20}},{"start":{"line":145,"column":20},"end":{"line":145,"column":null}}],"line":145},"21":{"loc":{"start":{"line":150,"column":4},"end":{"line":150,"column":null}},"type":"if","locations":[{"start":{"line":150,"column":4},"end":{"line":150,"column":null}},{"start":{},"end":{}}],"line":150},"22":{"loc":{"start":{"line":154,"column":4},"end":{"line":157,"column":null}},"type":"if","locations":[{"start":{"line":154,"column":4},"end":{"line":157,"column":null}},{"start":{},"end":{}}],"line":154},"23":{"loc":{"start":{"line":169,"column":4},"end":{"line":169,"column":null}},"type":"if","locations":[{"start":{"line":169,"column":4},"end":{"line":169,"column":null}},{"start":{},"end":{}}],"line":169},"24":{"loc":{"start":{"line":178,"column":4},"end":{"line":181,"column":null}},"type":"if","locations":[{"start":{"line":178,"column":4},"end":{"line":181,"column":null}},{"start":{},"end":{}}],"line":178},"25":{"loc":{"start":{"line":188,"column":4},"end":{"line":188,"column":null}},"type":"if","locations":[{"start":{"line":188,"column":4},"end":{"line":188,"column":null}},{"start":{},"end":{}}],"line":188},"26":{"loc":{"start":{"line":192,"column":4},"end":{"line":195,"column":null}},"type":"if","locations":[{"start":{"line":192,"column":4},"end":{"line":195,"column":null}},{"start":{},"end":{}}],"line":192}},"s":{"0":1,"1":1,"2":0,"3":1,"4":1,"5":1,"6":1,"7":1,"8":1,"9":0,"10":1,"11":1,"12":1,"13":1,"14":2,"15":1,"16":1,"17":0,"18":0,"19":1,"20":1,"21":1,"22":0,"23":0,"24":1,"25":1,"26":0,"27":0,"28":0,"29":0,"30":0,"31":1,"32":0,"33":0,"34":0,"35":0,"36":0,"37":1,"38":0,"39":0,"40":0,"41":0,"42":0,"43":1,"44":0,"45":0,"46":0,"47":0,"48":0,"49":1,"50":0,"51":0,"52":0,"53":0,"54":0,"55":1,"56":0,"57":0,"58":0,"59":0,"60":1,"61":0,"62":0,"63":0,"64":0,"65":0,"66":0,"67":0,"68":0,"69":0,"70":0,"71":0,"72":0,"73":1,"74":0,"75":0,"76":0,"77":0,"78":0,"79":0,"80":0,"81":0,"82":1,"83":0,"84":0,"85":0,"86":0,"87":0,"88":0,"89":0,"90":0,"91":1,"92":0,"93":0,"94":0,"95":0,"96":0,"97":0,"98":0,"99":0},"f":{"0":1,"1":1,"2":2,"3":0,"4":0,"5":0,"6":0,"7":0,"8":0,"9":0,"10":0,"11":0,"12":0,"13":0,"14":0},"b":{"0":[0,1],"1":[1,1],"2":[1,0],"3":[1,0],"4":[1,0],"5":[0,1],"6":[1,1],"7":[1,1],"8":[1,1],"9":[0,1],"10":[0,0],"11":[0,0],"12":[0,0],"13":[0,0],"14":[0,0],"15":[0,0],"16":[0],"17":[0,0],"18":[0,0],"19":[0,0],"20":[0,0],"21":[0,0],"22":[0,0],"23":[0,0],"24":[0,0],"25":[0,0],"26":[0,0]},"meta":{"lastBranch":27,"lastFunction":15,"lastStatement":100,"seen":{"s:11:19:15:Infinity":0,"f:11:19:11:20":0,"b:12:4:12:Infinity:undefined:undefined:undefined:undefined":0,"s:12:4:12:Infinity":1,"s:12:14:12:Infinity":2,"s:13:18:13:Infinity":3,"s:14:4:14:Infinity":4,"b:14:11:14:33:14:33:14:Infinity":1,"s:18:6:18:Infinity":5,"b:18:16:18:58:18:58:18:62":2,"s:19:6:19:Infinity":6,"b:19:21:19:58:19:58:19:62":3,"s:20:24:20:Infinity":7,"b:20:45:20:54:20:54:20:Infinity":4,"b:22:0:26:Infinity:undefined:undefined:undefined:undefined":5,"s:22:0:26:Infinity":8,"b:22:4:22:20:22:20:22:38":6,"s:23:4:25:Infinity":9,"s:29:36:31:Infinity":10,"f:29:36:29:51":1,"s:30:4:30:Infinity":11,"b:30:19:30:34:30:34:30:49":7,"s:34:44:34:Infinity":12,"s:36:33:59:Infinity":13,"f:36:33:36:62":2,"b:37:4:39:Infinity:undefined:undefined:undefined:undefined":8,"s:37:4:39:Infinity":14,"s:38:8:38:Infinity":15,"b:41:4:44:Infinity:undefined:undefined:undefined:undefined":9,"s:41:4:44:Infinity":16,"s:42:8:42:Infinity":17,"s:43:8:43:Infinity":18,"s:46:4:58:Infinity":19,"s:47:8:53:Infinity":20,"s:54:8:54:Infinity":21,"s:56:8:56:Infinity":22,"s:57:8:57:Infinity":23,"s:62:24:62:Infinity":24,"s:65:22:75:Infinity":25,"f:65:22:65:29":3,"s:66:19:66:Infinity":26,"b:67:4:67:Infinity:undefined:undefined:undefined:undefined":10,"s:67:4:67:Infinity":27,"s:67:17:67:Infinity":28,"s:69:28:72:Infinity":29,"s:74:4:74:Infinity":30,"s:77:22:87:Infinity":31,"f:77:22:77:29":4,"s:78:19:78:Infinity":32,"b:79:4:79:Infinity:undefined:undefined:undefined:undefined":11,"s:79:4:79:Infinity":33,"s:79:17:79:Infinity":34,"s:81:28:84:Infinity":35,"s:86:4:86:Infinity":36,"s:89:23:95:Infinity":37,"f:89:23:89:35":5,"s:90:19:90:Infinity":38,"b:91:4:91:Infinity:undefined:undefined:undefined:undefined":12,"s:91:4:91:Infinity":39,"s:91:17:91:Infinity":40,"s:93:22:93:Infinity":41,"s:94:4:94:Infinity":42,"s:97:30:103:Infinity":43,"f:97:30:97:42":6,"s:98:19:98:Infinity":44,"b:99:4:99:Infinity:undefined:undefined:undefined:undefined":13,"s:99:4:99:Infinity":45,"s:99:17:99:Infinity":46,"s:101:31:101:Infinity":47,"s:102:4:102:Infinity":48,"s:105:26:111:Infinity":49,"f:105:26:105:38":7,"s:106:19:106:Infinity":50,"b:107:4:107:Infinity:undefined:undefined:undefined:undefined":14,"s:107:4:107:Infinity":51,"s:107:17:107:Infinity":52,"s:109:34:109:Infinity":53,"s:110:4:110:Infinity":54,"s:114:33:119:Infinity":55,"f:114:33:114:34":8,"s:115:19:115:Infinity":56,"b:116:4:116:Infinity:undefined:undefined:undefined:undefined":15,"s:116:4:116:Infinity":57,"s:116:17:116:Infinity":58,"f:116:63:116:69":9,"s:118:4:118:Infinity":59,"s:122:26:146:Infinity":60,"f:122:26:122:Infinity":10,"b:125:12:125:Infinity":16,"s:127:19:127:Infinity":61,"b:128:4:128:Infinity:undefined:undefined:undefined:undefined":17,"s:128:4:128:Infinity":62,"s:128:17:128:Infinity":63,"s:130:16:130:Infinity":64,"b:132:4:136:Infinity:undefined:undefined:undefined:undefined":18,"s:132:4:136:Infinity":65,"s:133:8:135:Infinity":66,"f:133:40:133:41":11,"s:134:12:134:Infinity":67,"s:138:28:138:Infinity":68,"b:140:4:143:Infinity:undefined:undefined:undefined:undefined":19,"s:140:4:143:Infinity":69,"s:141:8:141:Infinity":70,"s:142:8:142:Infinity":71,"s:145:4:145:Infinity":72,"b:145:12:145:20:145:20:145:Infinity":20,"s:148:25:160:Infinity":73,"f:148:25:148:35":12,"s:149:19:149:Infinity":74,"b:150:4:150:Infinity:undefined:undefined:undefined:undefined":21,"s:150:4:150:Infinity":75,"s:150:17:150:Infinity":76,"s:152:36:152:Infinity":77,"b:154:4:157:Infinity:undefined:undefined:undefined:undefined":22,"s:154:4:157:Infinity":78,"s:155:8:155:Infinity":79,"s:156:8:156:Infinity":80,"s:159:4:159:Infinity":81,"s:162:25:184:Infinity":82,"f:162:25:162:Infinity":13,"s:168:19:168:Infinity":83,"b:169:4:169:Infinity:undefined:undefined:undefined:undefined":23,"s:169:4:169:Infinity":84,"s:169:17:169:Infinity":85,"s:171:36:176:Infinity":86,"b:178:4:181:Infinity:undefined:undefined:undefined:undefined":24,"s:178:4:181:Infinity":87,"s:179:8:179:Infinity":88,"s:180:8:180:Infinity":89,"s:183:4:183:Infinity":90,"s:186:25:198:Infinity":91,"f:186:25:186:32":14,"s:187:19:187:Infinity":92,"b:188:4:188:Infinity:undefined:undefined:undefined:undefined":25,"s:188:4:188:Infinity":93,"s:188:17:188:Infinity":94,"s:190:22:190:Infinity":95,"b:192:4:195:Infinity:undefined:undefined:undefined:undefined":26,"s:192:4:195:Infinity":96,"s:193:8:193:Infinity":97,"s:194:8:194:Infinity":98,"s:197:4:197:Infinity":99}}}
,"/home/exp/Downloads/Projetos/ClimateAI/client/src/lib/utils.ts": {"path":"/home/exp/Downloads/Projetos/ClimateAI/client/src/lib/utils.ts","statementMap":{"0":{"start":{"line":6,"column":2},"end":{"line":6,"column":null}},"1":{"start":{"line":50,"column":25},"end":{"line":73,"column":null}},"2":{"start":{"line":75,"column":28},"end":{"line":75,"column":null}},"3":{"start":{"line":76,"column":27},"end":{"line":76,"column":null}},"4":{"start":{"line":79,"column":27},"end":{"line":79,"column":null}},"5":{"start":{"line":80,"column":18},"end":{"line":80,"column":null}},"6":{"start":{"line":81,"column":16},"end":{"line":81,"column":null}},"7":{"start":{"line":83,"column":35},"end":{"line":113,"column":null}},"8":{"start":{"line":96,"column":18},"end":{"line":96,"column":null}},"9":{"start":{"line":116,"column":2},"end":{"line":140,"column":null}},"10":{"start":{"line":117,"column":20},"end":{"line":117,"column":null}},"11":{"start":{"line":118,"column":22},"end":{"line":118,"column":null}},"12":{"start":{"line":119,"column":4},"end":{"line":119,"column":null}},"13":{"start":{"line":121,"column":29},"end":{"line":128,"column":null}},"14":{"start":{"line":130,"column":32},"end":{"line":130,"column":null}},"15":{"start":{"line":131,"column":31},"end":{"line":131,"column":null}},"16":{"start":{"line":132,"column":19},"end":{"line":132,"column":null}},"17":{"start":{"line":134,"column":4},"end":{"line":139,"column":null}},"18":{"start":{"line":136,"column":18},"end":{"line":136,"column":null}},"19":{"start":{"line":142,"column":2},"end":{"line":142,"column":null}}},"fnMap":{"0":{"name":"cn","decl":{"start":{"line":5,"column":16},"end":{"line":5,"column":22}},"loc":{"start":{"line":5,"column":44},"end":{"line":7,"column":null}},"line":5},"1":{"name":"fetchWeatherData","decl":{"start":{"line":43,"column":22},"end":{"line":43,"column":null}},"loc":{"start":{"line":48,"column":24},"end":{"line":143,"column":null}},"line":48},"2":{"name":"(anonymous_2)","decl":{"start":{"line":96,"column":8},"end":{"line":96,"column":9}},"loc":{"start":{"line":96,"column":18},"end":{"line":96,"column":null}},"line":96},"3":{"name":"(anonymous_3)","decl":{"start":{"line":136,"column":8},"end":{"line":136,"column":9}},"loc":{"start":{"line":136,"column":18},"end":{"line":136,"column":null}},"line":136}},"branchMap":{"0":{"loc":{"start":{"line":46,"column":2},"end":{"line":46,"column":null}},"type":"default-arg","locations":[{"start":{"line":46,"column":31},"end":{"line":46,"column":null}}],"line":46},"1":{"loc":{"start":{"line":47,"column":2},"end":{"line":47,"column":null}},"type":"default-arg","locations":[{"start":{"line":47,"column":27},"end":{"line":47,"column":null}}],"line":47},"2":{"loc":{"start":{"line":98,"column":37},"end":{"line":98,"column":76}},"type":"binary-expr","locations":[{"start":{"line":98,"column":37},"end":{"line":98,"column":74}},{"start":{"line":98,"column":74},"end":{"line":98,"column":76}}],"line":98},"3":{"loc":{"start":{"line":99,"column":37},"end":{"line":99,"column":76}},"type":"binary-expr","locations":[{"start":{"line":99,"column":37},"end":{"line":99,"column":74}},{"start":{"line":99,"column":74},"end":{"line":99,"column":76}}],"line":99},"4":{"loc":{"start":{"line":100,"column":36},"end":{"line":100,"column":75}},"type":"binary-expr","locations":[{"start":{"line":100,"column":36},"end":{"line":100,"column":73}},{"start":{"line":100,"column":73},"end":{"line":100,"column":75}}],"line":100},"5":{"loc":{"start":{"line":101,"column":48},"end":{"line":101,"column":87}},"type":"binary-expr","locations":[{"start":{"line":101,"column":48},"end":{"line":101,"column":85}},{"start":{"line":101,"column":85},"end":{"line":101,"column":87}}],"line":101},"6":{"loc":{"start":{"line":102,"column":37},"end":{"line":102,"column":76}},"type":"binary-expr","locations":[{"start":{"line":102,"column":37},"end":{"line":102,"column":74}},{"start":{"line":102,"column":74},"end":{"line":102,"column":76}}],"line":102},"7":{"loc":{"start":{"line":103,"column":31},"end":{"line":103,"column":70}},"type":"binary-expr","locations":[{"start":{"line":103,"column":31},"end":{"line":103,"column":68}},{"start":{"line":103,"column":68},"end":{"line":103,"column":70}}],"line":103},"8":{"loc":{"start":{"line":109,"column":16},"end":{"line":109,"column":null}},"type":"binary-expr","locations":[{"start":{"line":109,"column":16},"end":{"line":109,"column":47}},{"start":{"line":109,"column":47},"end":{"line":109,"column":null}}],"line":109},"9":{"loc":{"start":{"line":110,"column":29},"end":{"line":110,"column":null}},"type":"binary-expr","locations":[{"start":{"line":110,"column":29},"end":{"line":110,"column":72}},{"start":{"line":110,"column":72},"end":{"line":110,"column":null}}],"line":110},"10":{"loc":{"start":{"line":116,"column":2},"end":{"line":140,"column":null}},"type":"if","locations":[{"start":{"line":116,"column":2},"end":{"line":140,"column":null}},{"start":{},"end":{}}],"line":116},"11":{"loc":{"start":{"line":138,"column":33},"end":{"line":138,"column":73}},"type":"binary-expr","locations":[{"start":{"line":138,"column":33},"end":{"line":138,"column":71}},{"start":{"line":138,"column":71},"end":{"line":138,"column":73}}],"line":138}},"s":{"0":5,"1":0,"2":0,"3":0,"4":0,"5":0,"6":0,"7":0,"8":0,"9":0,"10":0,"11":0,"12":0,"13":0,"14":0,"15":0,"16":0,"17":0,"18":0,"19":0},"f":{"0":5,"1":0,"2":0,"3":0},"b":{"0":[0],"1":[0],"2":[0,0],"3":[0,0],"4":[0,0],"5":[0,0],"6":[0,0],"7":[0,0],"8":[0,0],"9":[0,0],"10":[0,0],"11":[0,0]},"meta":{"lastBranch":12,"lastFunction":4,"lastStatement":20,"seen":{"f:5:16:5:22":0,"s:6:2:6:Infinity":0,"f:43:22:43:Infinity":1,"b:46:31:46:Infinity":0,"b:47:27:47:Infinity":1,"s:50:25:73:Infinity":1,"s:75:28:75:Infinity":2,"s:76:27:76:Infinity":3,"s:79:27:79:Infinity":4,"s:80:18:80:Infinity":5,"s:81:16:81:Infinity":6,"s:83:35:113:Infinity":7,"f:96:8:96:9":2,"s:96:18:96:Infinity":8,"b:98:37:98:74:98:74:98:76":2,"b:99:37:99:74:99:74:99:76":3,"b:100:36:100:73:100:73:100:75":4,"b:101:48:101:85:101:85:101:87":5,"b:102:37:102:74:102:74:102:76":6,"b:103:31:103:68:103:68:103:70":7,"b:109:16:109:47:109:47:109:Infinity":8,"b:110:29:110:72:110:72:110:Infinity":9,"b:116:2:140:Infinity:undefined:undefined:undefined:undefined":10,"s:116:2:140:Infinity":9,"s:117:20:117:Infinity":10,"s:118:22:118:Infinity":11,"s:119:4:119:Infinity":12,"s:121:29:128:Infinity":13,"s:130:32:130:Infinity":14,"s:131:31:131:Infinity":15,"s:132:19:132:Infinity":16,"s:134:4:139:Infinity":17,"f:136:8:136:9":3,"s:136:18:136:Infinity":18,"b:138:33:138:71:138:71:138:73":11,"s:142:2:142:Infinity":19}}}
}
